  [1m[35m (2.8ms)[0m  [1m[35mCREATE TABLE "schema_migrations" ("version" varchar NOT NULL PRIMARY KEY)[0m
  [1m[35m (0.6ms)[0m  [1m[35mCREATE TABLE "ar_internal_metadata" ("key" varchar NOT NULL PRIMARY KEY, "value" varchar, "created_at" datetime NOT NULL, "updated_at" datetime NOT NULL)[0m
  [1m[36mActiveRecord::SchemaMigration Load (0.1ms)[0m  [1m[34mSELECT "schema_migrations".* FROM "schema_migrations"[0m
Migrating to CreateTodos (20170918005409)
  [1m[35m (0.0ms)[0m  [1m[36mbegin transaction[0m
  [1m[35m (0.3ms)[0m  [1m[35mCREATE TABLE "todos" ("id" INTEGER PRIMARY KEY AUTOINCREMENT NOT NULL, "title" varchar, "owner" varchar, "complete" boolean, "created_at" datetime NOT NULL, "updated_at" datetime NOT NULL)[0m
  [1m[35mSQL (0.1ms)[0m  [1m[32mINSERT INTO "schema_migrations" ("version") VALUES (?)[0m  [["version", "20170918005409"]]
  [1m[35m (0.5ms)[0m  [1m[36mcommit transaction[0m
  [1m[36mActiveRecord::InternalMetadata Load (0.1ms)[0m  [1m[34mSELECT  "ar_internal_metadata".* FROM "ar_internal_metadata" WHERE "ar_internal_metadata"."key" = ? LIMIT ?[0m  [["key", "environment"], ["LIMIT", 1]]
  [1m[35m (0.0ms)[0m  [1m[36mbegin transaction[0m
  [1m[35mSQL (0.2ms)[0m  [1m[32mINSERT INTO "ar_internal_metadata" ("key", "value", "created_at", "updated_at") VALUES (?, ?, ?, ?)[0m  [["key", "environment"], ["value", "development"], ["created_at", "2017-09-18 00:54:25.056064"], ["updated_at", "2017-09-18 00:54:25.056064"]]
  [1m[35m (0.5ms)[0m  [1m[36mcommit transaction[0m
  [1m[36mActiveRecord::SchemaMigration Load (0.1ms)[0m  [1m[34mSELECT "schema_migrations".* FROM "schema_migrations"[0m
Started GET "/todos" for 127.0.0.1 at 2017-09-17 19:56:25 -0500
  [1m[36mActiveRecord::SchemaMigration Load (0.1ms)[0m  [1m[34mSELECT "schema_migrations".* FROM "schema_migrations"[0m
  
AbstractController::ActionNotFound (The action 'index' could not be found for TodosController):
  
actionpack (5.0.6) lib/abstract_controller/base.rb:121:in `process'
actionpack (5.0.6) lib/action_controller/metal.rb:190:in `dispatch'
actionpack (5.0.6) lib/action_controller/metal.rb:262:in `dispatch'
actionpack (5.0.6) lib/action_dispatch/routing/route_set.rb:50:in `dispatch'
actionpack (5.0.6) lib/action_dispatch/routing/route_set.rb:32:in `serve'
actionpack (5.0.6) lib/action_dispatch/journey/router.rb:39:in `block in serve'
actionpack (5.0.6) lib/action_dispatch/journey/router.rb:26:in `each'
actionpack (5.0.6) lib/action_dispatch/journey/router.rb:26:in `serve'
actionpack (5.0.6) lib/action_dispatch/routing/route_set.rb:727:in `call'
rack (2.0.3) lib/rack/etag.rb:25:in `call'
rack (2.0.3) lib/rack/conditional_get.rb:25:in `call'
rack (2.0.3) lib/rack/head.rb:12:in `call'
activerecord (5.0.6) lib/active_record/migration.rb:553:in `call'
actionpack (5.0.6) lib/action_dispatch/middleware/callbacks.rb:38:in `block in call'
activesupport (5.0.6) lib/active_support/callbacks.rb:97:in `__run_callbacks__'
activesupport (5.0.6) lib/active_support/callbacks.rb:750:in `_run_call_callbacks'
activesupport (5.0.6) lib/active_support/callbacks.rb:90:in `run_callbacks'
actionpack (5.0.6) lib/action_dispatch/middleware/callbacks.rb:36:in `call'
actionpack (5.0.6) lib/action_dispatch/middleware/executor.rb:12:in `call'
actionpack (5.0.6) lib/action_dispatch/middleware/remote_ip.rb:79:in `call'
actionpack (5.0.6) lib/action_dispatch/middleware/debug_exceptions.rb:49:in `call'
actionpack (5.0.6) lib/action_dispatch/middleware/show_exceptions.rb:31:in `call'
railties (5.0.6) lib/rails/rack/logger.rb:36:in `call_app'
railties (5.0.6) lib/rails/rack/logger.rb:24:in `block in call'
activesupport (5.0.6) lib/active_support/tagged_logging.rb:69:in `block in tagged'
activesupport (5.0.6) lib/active_support/tagged_logging.rb:26:in `tagged'
activesupport (5.0.6) lib/active_support/tagged_logging.rb:69:in `tagged'
railties (5.0.6) lib/rails/rack/logger.rb:24:in `call'
actionpack (5.0.6) lib/action_dispatch/middleware/request_id.rb:24:in `call'
rack (2.0.3) lib/rack/runtime.rb:22:in `call'
activesupport (5.0.6) lib/active_support/cache/strategy/local_cache_middleware.rb:28:in `call'
actionpack (5.0.6) lib/action_dispatch/middleware/executor.rb:12:in `call'
actionpack (5.0.6) lib/action_dispatch/middleware/static.rb:136:in `call'
rack (2.0.3) lib/rack/sendfile.rb:111:in `call'
railties (5.0.6) lib/rails/engine.rb:522:in `call'
puma (3.10.0) lib/puma/configuration.rb:225:in `call'
puma (3.10.0) lib/puma/server.rb:605:in `handle_request'
puma (3.10.0) lib/puma/server.rb:437:in `process_client'
puma (3.10.0) lib/puma/server.rb:301:in `block in run'
puma (3.10.0) lib/puma/thread_pool.rb:120:in `call'
puma (3.10.0) lib/puma/thread_pool.rb:120:in `block in spawn_thread'
Started GET "/todos" for 127.0.0.1 at 2017-09-17 19:59:50 -0500
Processing by TodosController#index as */*
  [1m[36mTodo Load (0.2ms)[0m  [1m[34mSELECT "todos".* FROM "todos"[0m
Completed 500 Internal Server Error in 26ms (ActiveRecord: 0.0ms)


  
NoMethodError (undefined method `json_response' for #<TodosController:0x007f8e9a17eb68>):
  
app/controllers/todos_controller.rb:7:in `index'
Started GET "/todos" for 127.0.0.1 at 2017-09-18 17:10:58 -0500
  [1m[36mActiveRecord::SchemaMigration Load (0.3ms)[0m  [1m[34mSELECT "schema_migrations".* FROM "schema_migrations"[0m
Processing by TodosController#index as */*
  [1m[36mTodo Load (0.5ms)[0m  [1m[34mSELECT "todos".* FROM "todos"[0m
Completed 500 Internal Server Error in 25ms (ActiveRecord: 0.0ms)


  
NoMethodError (undefined method `json_response' for #<TodosController:0x007fecb4b33f78>):
  
app/controllers/todos_controller.rb:7:in `index'
Started GET "/todos" for 127.0.0.1 at 2017-09-18 17:15:02 -0500
  [1m[36mActiveRecord::SchemaMigration Load (0.1ms)[0m  [1m[34mSELECT "schema_migrations".* FROM "schema_migrations"[0m
Processing by TodosController#index as */*
  [1m[36mTodo Load (0.1ms)[0m  [1m[34mSELECT "todos".* FROM "todos"[0m
Completed 200 OK in 3ms (Views: 1.0ms | ActiveRecord: 0.3ms)


Started POST "/todos?title=walk%20the%20dog&owner=chip.irek@gmail.com&complete=false" for 127.0.0.1 at 2017-09-18 17:17:00 -0500
Processing by TodosController#create as */*
  Parameters: {"title"=>"walk the dog", "owner"=>"chip.irek@gmail.com", "complete"=>"false"}
Unpermitted parameters: owner, complete
  [1m[35m (0.0ms)[0m  [1m[36mbegin transaction[0m
  [1m[35mSQL (3.6ms)[0m  [1m[32mINSERT INTO "todos" ("title", "created_at", "updated_at") VALUES (?, ?, ?)[0m  [["title", "walk the dog"], ["created_at", "2017-09-18 22:17:00.375246"], ["updated_at", "2017-09-18 22:17:00.375246"]]
  [1m[35m (0.5ms)[0m  [1m[36mcommit transaction[0m
Completed 201 Created in 10ms (Views: 0.5ms | ActiveRecord: 4.5ms)


Started GET "/todos" for 127.0.0.1 at 2017-09-18 17:17:14 -0500
Processing by TodosController#index as */*
  [1m[36mTodo Load (0.1ms)[0m  [1m[34mSELECT "todos".* FROM "todos"[0m
Completed 200 OK in 1ms (Views: 1.0ms | ActiveRecord: 0.1ms)


Started POST "/todos?title=walk%20the%20dog&owner=chip.irek@gmail.com&complete=t" for 127.0.0.1 at 2017-09-18 17:17:38 -0500
Processing by TodosController#create as */*
  Parameters: {"title"=>"walk the dog", "owner"=>"chip.irek@gmail.com", "complete"=>"t"}
Unpermitted parameters: owner, complete
  [1m[35m (0.0ms)[0m  [1m[36mbegin transaction[0m
  [1m[35mSQL (0.3ms)[0m  [1m[32mINSERT INTO "todos" ("title", "created_at", "updated_at") VALUES (?, ?, ?)[0m  [["title", "walk the dog"], ["created_at", "2017-09-18 22:17:38.796780"], ["updated_at", "2017-09-18 22:17:38.796780"]]
  [1m[35m (2.0ms)[0m  [1m[36mcommit transaction[0m
Completed 201 Created in 4ms (Views: 0.3ms | ActiveRecord: 2.4ms)


Started GET "/todos" for 127.0.0.1 at 2017-09-18 17:17:47 -0500
Processing by TodosController#index as */*
  [1m[36mTodo Load (0.1ms)[0m  [1m[34mSELECT "todos".* FROM "todos"[0m
Completed 200 OK in 1ms (Views: 0.8ms | ActiveRecord: 0.1ms)


Started GET "/todos" for ::1 at 2017-09-18 19:22:52 -0500
  [1m[36mActiveRecord::SchemaMigration Load (0.1ms)[0m  [1m[34mSELECT "schema_migrations".* FROM "schema_migrations"[0m
Processing by TodosController#index as HTML
  [1m[36mTodo Load (0.2ms)[0m  [1m[34mSELECT "todos".* FROM "todos"[0m
Completed 200 OK in 8ms (Views: 5.1ms | ActiveRecord: 0.6ms)


Started GET "/todos" for ::1 at 2017-09-18 19:23:12 -0500
Processing by TodosController#index as HTML
  [1m[36mTodo Load (0.2ms)[0m  [1m[34mSELECT "todos".* FROM "todos"[0m
Completed 200 OK in 2ms (Views: 1.7ms | ActiveRecord: 0.2ms)


Started GET "/todos" for ::1 at 2017-09-18 19:33:34 -0500
  [1m[36mActiveRecord::SchemaMigration Load (0.2ms)[0m  [1m[34mSELECT "schema_migrations".* FROM "schema_migrations"[0m
Processing by TodosController#index as HTML
  [1m[36mTodo Load (0.1ms)[0m  [1m[34mSELECT "todos".* FROM "todos"[0m
Completed 200 OK in 8ms (Views: 5.2ms | ActiveRecord: 0.5ms)


Started GET "/todos" for ::1 at 2017-09-18 19:37:15 -0500
Processing by TodosController#index as */*
  [1m[36mTodo Load (0.3ms)[0m  [1m[34mSELECT "todos".* FROM "todos"[0m
Completed 200 OK in 1ms (Views: 0.9ms | ActiveRecord: 0.3ms)


Started GET "/todos" for ::1 at 2017-09-18 19:39:38 -0500
Processing by TodosController#index as HTML
  [1m[36mTodo Load (0.2ms)[0m  [1m[34mSELECT "todos".* FROM "todos"[0m
Completed 200 OK in 1ms (Views: 1.1ms | ActiveRecord: 0.2ms)


Started GET "/todos" for ::1 at 2017-09-18 19:39:39 -0500
Processing by TodosController#index as HTML
  [1m[36mTodo Load (0.3ms)[0m  [1m[34mSELECT "todos".* FROM "todos"[0m
Completed 200 OK in 2ms (Views: 1.5ms | ActiveRecord: 0.3ms)


Started GET "/todos" for ::1 at 2017-09-18 19:41:48 -0500
Processing by TodosController#index as HTML
  [1m[36mTodo Load (0.1ms)[0m  [1m[34mSELECT "todos".* FROM "todos"[0m
Completed 200 OK in 1ms (Views: 1.0ms | ActiveRecord: 0.1ms)


Started GET "/todos" for ::1 at 2017-09-18 19:41:56 -0500
Processing by TodosController#index as HTML
  [1m[36mTodo Load (0.1ms)[0m  [1m[34mSELECT "todos".* FROM "todos"[0m
Completed 200 OK in 2ms (Views: 1.1ms | ActiveRecord: 0.1ms)


Started GET "/todos" for ::1 at 2017-09-18 19:43:00 -0500
Processing by TodosController#index as HTML
  [1m[36mTodo Load (0.2ms)[0m  [1m[34mSELECT "todos".* FROM "todos"[0m
Completed 200 OK in 2ms (Views: 1.2ms | ActiveRecord: 0.2ms)


Started GET "/todos" for ::1 at 2017-09-18 19:43:59 -0500
Processing by TodosController#index as HTML
  [1m[36mTodo Load (0.2ms)[0m  [1m[34mSELECT "todos".* FROM "todos"[0m
Completed 200 OK in 1ms (Views: 0.9ms | ActiveRecord: 0.2ms)


Started GET "/todos" for ::1 at 2017-09-18 19:45:10 -0500
Processing by TodosController#index as HTML
  [1m[36mTodo Load (0.2ms)[0m  [1m[34mSELECT "todos".* FROM "todos"[0m
Completed 200 OK in 1ms (Views: 1.0ms | ActiveRecord: 0.2ms)


Started GET "/todos" for ::1 at 2017-09-18 19:45:25 -0500
Processing by TodosController#index as HTML
  [1m[36mTodo Load (0.2ms)[0m  [1m[34mSELECT "todos".* FROM "todos"[0m
Completed 200 OK in 2ms (Views: 1.5ms | ActiveRecord: 0.2ms)


Started GET "/todos" for ::1 at 2017-09-18 19:48:50 -0500
Processing by TodosController#index as HTML
  [1m[36mTodo Load (0.2ms)[0m  [1m[34mSELECT "todos".* FROM "todos"[0m
Completed 200 OK in 1ms (Views: 1.0ms | ActiveRecord: 0.2ms)


Started GET "/todos" for ::1 at 2017-09-18 19:50:05 -0500
Processing by TodosController#index as HTML
  [1m[36mTodo Load (0.2ms)[0m  [1m[34mSELECT "todos".* FROM "todos"[0m
Completed 200 OK in 2ms (Views: 1.2ms | ActiveRecord: 0.2ms)


Started GET "/todos" for ::1 at 2017-09-18 19:50:08 -0500
Processing by TodosController#index as HTML
  [1m[36mTodo Load (0.2ms)[0m  [1m[34mSELECT "todos".* FROM "todos"[0m
Completed 200 OK in 2ms (Views: 1.3ms | ActiveRecord: 0.2ms)


Started GET "/todos" for ::1 at 2017-09-18 19:52:29 -0500
Processing by TodosController#index as HTML
  [1m[36mTodo Load (0.2ms)[0m  [1m[34mSELECT "todos".* FROM "todos"[0m
Completed 200 OK in 2ms (Views: 1.1ms | ActiveRecord: 0.2ms)


Started GET "/todos" for ::1 at 2017-09-18 19:52:29 -0500
Processing by TodosController#index as HTML
  [1m[36mTodo Load (0.1ms)[0m  [1m[34mSELECT "todos".* FROM "todos"[0m
Completed 200 OK in 1ms (Views: 0.7ms | ActiveRecord: 0.1ms)


Started GET "/todos" for ::1 at 2017-09-18 19:52:42 -0500
Processing by TodosController#index as HTML
  [1m[36mTodo Load (0.2ms)[0m  [1m[34mSELECT "todos".* FROM "todos"[0m
Completed 200 OK in 1ms (Views: 1.1ms | ActiveRecord: 0.2ms)


Started GET "/todos" for ::1 at 2017-09-18 19:59:36 -0500
Processing by TodosController#index as HTML
  [1m[36mTodo Load (0.1ms)[0m  [1m[34mSELECT "todos".* FROM "todos"[0m
Completed 200 OK in 1ms (Views: 1.0ms | ActiveRecord: 0.1ms)


Started GET "/todos" for ::1 at 2017-09-18 19:59:47 -0500
Processing by TodosController#index as HTML
  [1m[36mTodo Load (0.2ms)[0m  [1m[34mSELECT "todos".* FROM "todos"[0m
Completed 200 OK in 1ms (Views: 0.9ms | ActiveRecord: 0.2ms)


Started GET "/todos" for ::1 at 2017-09-18 20:00:47 -0500
Processing by TodosController#index as HTML
  [1m[36mTodo Load (0.1ms)[0m  [1m[34mSELECT "todos".* FROM "todos"[0m
Completed 200 OK in 1ms (Views: 0.9ms | ActiveRecord: 0.1ms)


Started GET "/todos" for ::1 at 2017-09-18 20:07:02 -0500
Processing by TodosController#index as HTML
  [1m[36mTodo Load (0.2ms)[0m  [1m[34mSELECT "todos".* FROM "todos"[0m
Completed 200 OK in 1ms (Views: 1.0ms | ActiveRecord: 0.2ms)


Started GET "/todos" for ::1 at 2017-09-18 20:18:11 -0500
Processing by TodosController#index as HTML
  [1m[36mTodo Load (0.1ms)[0m  [1m[34mSELECT "todos".* FROM "todos"[0m
Completed 200 OK in 1ms (Views: 0.8ms | ActiveRecord: 0.1ms)


Started GET "/todos" for ::1 at 2017-09-18 20:20:57 -0500
Processing by TodosController#index as HTML
  [1m[36mTodo Load (0.1ms)[0m  [1m[34mSELECT "todos".* FROM "todos"[0m
Completed 200 OK in 1ms (Views: 0.8ms | ActiveRecord: 0.1ms)


Started GET "/todos" for ::1 at 2017-09-18 20:21:33 -0500
Processing by TodosController#index as HTML
  [1m[36mTodo Load (0.2ms)[0m  [1m[34mSELECT "todos".* FROM "todos"[0m
Completed 200 OK in 1ms (Views: 1.0ms | ActiveRecord: 0.2ms)


Started GET "/todos" for ::1 at 2017-09-18 20:21:52 -0500
Processing by TodosController#index as HTML
  [1m[36mTodo Load (0.1ms)[0m  [1m[34mSELECT "todos".* FROM "todos"[0m
Completed 200 OK in 2ms (Views: 1.1ms | ActiveRecord: 0.1ms)


Started GET "/todos" for ::1 at 2017-09-18 20:22:04 -0500
Processing by TodosController#index as HTML
  [1m[36mTodo Load (0.1ms)[0m  [1m[34mSELECT "todos".* FROM "todos"[0m
Completed 200 OK in 1ms (Views: 1.0ms | ActiveRecord: 0.1ms)


Started GET "/todos" for ::1 at 2017-09-18 20:22:13 -0500
Processing by TodosController#index as HTML
  [1m[36mTodo Load (0.2ms)[0m  [1m[34mSELECT "todos".* FROM "todos"[0m
Completed 200 OK in 2ms (Views: 1.2ms | ActiveRecord: 0.2ms)


Started GET "/todos" for ::1 at 2017-09-18 20:24:24 -0500
Processing by TodosController#index as HTML
  [1m[36mTodo Load (0.1ms)[0m  [1m[34mSELECT "todos".* FROM "todos"[0m
Completed 200 OK in 1ms (Views: 0.9ms | ActiveRecord: 0.1ms)


Started GET "/todos" for ::1 at 2017-09-18 20:24:27 -0500
Processing by TodosController#index as HTML
  [1m[36mTodo Load (0.2ms)[0m  [1m[34mSELECT "todos".* FROM "todos"[0m
Completed 200 OK in 2ms (Views: 1.3ms | ActiveRecord: 0.2ms)


Started GET "/todos" for ::1 at 2017-09-18 20:25:30 -0500
Processing by TodosController#index as HTML
  [1m[36mTodo Load (0.1ms)[0m  [1m[34mSELECT "todos".* FROM "todos"[0m
Completed 200 OK in 1ms (Views: 1.0ms | ActiveRecord: 0.1ms)


Started GET "/todos" for ::1 at 2017-09-19 04:49:32 -0500
  [1m[36mActiveRecord::SchemaMigration Load (0.4ms)[0m  [1m[34mSELECT "schema_migrations".* FROM "schema_migrations"[0m
Processing by TodosController#index as HTML
  [1m[36mTodo Load (0.4ms)[0m  [1m[34mSELECT "todos".* FROM "todos"[0m
Completed 200 OK in 10ms (Views: 5.8ms | ActiveRecord: 0.9ms)


  [1m[36mActiveRecord::SchemaMigration Load (0.1ms)[0m  [1m[34mSELECT "schema_migrations".* FROM "schema_migrations"[0m
  [1m[36mTodo Load (0.1ms)[0m  [1m[34mSELECT "todos".* FROM "todos"[0m
  [1m[35m (0.0ms)[0m  [1m[36mbegin transaction[0m
  [1m[35mSQL (0.5ms)[0m  [1m[31mDELETE FROM "todos" WHERE "todos"."id" = ?[0m  [["id", 1]]
  [1m[35m (0.5ms)[0m  [1m[36mcommit transaction[0m
  [1m[35m (0.0ms)[0m  [1m[36mbegin transaction[0m
  [1m[35mSQL (0.2ms)[0m  [1m[31mDELETE FROM "todos" WHERE "todos"."id" = ?[0m  [["id", 2]]
  [1m[35m (0.5ms)[0m  [1m[36mcommit transaction[0m
Started GET "/todos" for ::1 at 2017-09-19 11:28:19 -0500
  [1m[36mActiveRecord::SchemaMigration Load (0.1ms)[0m  [1m[34mSELECT "schema_migrations".* FROM "schema_migrations"[0m
Processing by TodosController#index as */*
  [1m[36mTodo Load (0.1ms)[0m  [1m[34mSELECT "todos".* FROM "todos"[0m
Completed 200 OK in 3ms (Views: 0.9ms | ActiveRecord: 0.3ms)


Started POST "/todos?title=walk%20the%20dog&owner=chip.irek@gmail.com&complete=false" for ::1 at 2017-09-19 11:30:07 -0500
Processing by TodosController#create as */*
  Parameters: {"title"=>"walk the dog", "owner"=>"chip.irek@gmail.com", "complete"=>"false"}
Completed 500 Internal Server Error in 21ms (ActiveRecord: 0.0ms)


  
NameError (undefined local variable or method `todo_params' for #<TodosController:0x007fcdeb0fa198>):
  
app/controllers/todos_controller.rb:13:in `create'
Started POST "/todos?title=walk%20the%20dog&owner=chip.irek@gmail.com&complete=false" for ::1 at 2017-09-19 11:31:40 -0500
Processing by TodosController#create as */*
  Parameters: {"title"=>"walk the dog", "owner"=>"chip.irek@gmail.com", "complete"=>"false"}
  [1m[35m (0.0ms)[0m  [1m[36mbegin transaction[0m
  [1m[35mSQL (0.4ms)[0m  [1m[32mINSERT INTO "todos" ("title", "owner", "complete", "created_at", "updated_at") VALUES (?, ?, ?, ?, ?)[0m  [["title", "walk the dog"], ["owner", "chip.irek@gmail.com"], ["complete", "f"], ["created_at", "2017-09-19 16:31:40.541428"], ["updated_at", "2017-09-19 16:31:40.541428"]]
  [1m[35m (2.3ms)[0m  [1m[36mcommit transaction[0m
Completed 200 OK in 10ms (Views: 0.4ms | ActiveRecord: 3.2ms)


Started GET "/todos" for ::1 at 2017-09-19 11:31:48 -0500
Processing by TodosController#index as */*
  [1m[36mTodo Load (0.1ms)[0m  [1m[34mSELECT "todos".* FROM "todos"[0m
Completed 200 OK in 1ms (Views: 0.9ms | ActiveRecord: 0.1ms)


Started GET "/todos/3" for ::1 at 2017-09-19 11:32:01 -0500
Processing by TodosController#show as */*
  Parameters: {"id"=>"3"}
  [1m[36mTodo Load (0.2ms)[0m  [1m[34mSELECT  "todos".* FROM "todos" WHERE "todos"."id" = ? LIMIT ?[0m  [["id", 3], ["LIMIT", 1]]
  [1m[36mCACHE (0.0ms)[0m  [1m[34mSELECT  "todos".* FROM "todos" WHERE "todos"."id" = ? LIMIT ?[0m  [["id", 3], ["LIMIT", 1]]
Completed 200 OK in 5ms (Views: 0.4ms | ActiveRecord: 0.2ms)


Started POST "/todos?title=clean%20the%20kitchen&owner=chip.irek@gmail.com&complete=false" for ::1 at 2017-09-19 11:32:25 -0500
Processing by TodosController#create as */*
  Parameters: {"title"=>"clean the kitchen", "owner"=>"chip.irek@gmail.com", "complete"=>"false"}
  [1m[35m (0.1ms)[0m  [1m[36mbegin transaction[0m
  [1m[35mSQL (0.3ms)[0m  [1m[32mINSERT INTO "todos" ("title", "owner", "complete", "created_at", "updated_at") VALUES (?, ?, ?, ?, ?)[0m  [["title", "clean the kitchen"], ["owner", "chip.irek@gmail.com"], ["complete", "f"], ["created_at", "2017-09-19 16:32:25.307961"], ["updated_at", "2017-09-19 16:32:25.307961"]]
  [1m[35m (2.1ms)[0m  [1m[36mcommit transaction[0m
Completed 200 OK in 4ms (Views: 0.3ms | ActiveRecord: 2.5ms)


Started GET "/todos" for ::1 at 2017-09-19 11:32:31 -0500
Processing by TodosController#index as */*
  [1m[36mTodo Load (0.1ms)[0m  [1m[34mSELECT "todos".* FROM "todos"[0m
Completed 200 OK in 1ms (Views: 0.8ms | ActiveRecord: 0.1ms)


Started GET "/todos" for ::1 at 2017-09-21 17:20:09 -0400
  [1m[36mActiveRecord::SchemaMigration Load (0.3ms)[0m  [1m[34mSELECT "schema_migrations".* FROM "schema_migrations"[0m
Processing by TodosController#index as HTML
  [1m[36mTodo Load (0.3ms)[0m  [1m[34mSELECT "todos".* FROM "todos"[0m
Completed 200 OK in 8ms (Views: 5.0ms | ActiveRecord: 0.7ms)


Started GET "/todos" for ::1 at 2017-09-21 17:24:58 -0400
Processing by TodosController#index as HTML
  [1m[36mTodo Load (0.4ms)[0m  [1m[34mSELECT "todos".* FROM "todos"[0m
Completed 200 OK in 3ms (Views: 1.8ms | ActiveRecord: 0.4ms)


Started GET "/todos" for ::1 at 2017-09-21 17:25:42 -0400
Processing by TodosController#index as */*
  [1m[36mTodo Load (0.4ms)[0m  [1m[34mSELECT "todos".* FROM "todos"[0m
Completed 200 OK in 2ms (Views: 1.2ms | ActiveRecord: 0.4ms)


Started GET "/todos" for ::1 at 2017-09-21 17:26:07 -0400
Processing by TodosController#index as HTML
  [1m[36mTodo Load (0.2ms)[0m  [1m[34mSELECT "todos".* FROM "todos"[0m
Completed 200 OK in 2ms (Views: 1.6ms | ActiveRecord: 0.2ms)


Started GET "/todos" for ::1 at 2017-09-21 17:27:52 -0400
Processing by TodosController#index as HTML
  [1m[36mTodo Load (0.4ms)[0m  [1m[34mSELECT "todos".* FROM "todos"[0m
Completed 200 OK in 2ms (Views: 1.7ms | ActiveRecord: 0.4ms)


Started GET "/todos" for ::1 at 2017-09-21 17:28:29 -0400
Processing by TodosController#index as HTML
  [1m[36mTodo Load (0.2ms)[0m  [1m[34mSELECT "todos".* FROM "todos"[0m
Completed 200 OK in 2ms (Views: 1.4ms | ActiveRecord: 0.2ms)


Started GET "/todos" for ::1 at 2017-09-21 17:29:10 -0400
Processing by TodosController#index as HTML
  [1m[36mTodo Load (0.2ms)[0m  [1m[34mSELECT "todos".* FROM "todos"[0m
Completed 200 OK in 2ms (Views: 1.3ms | ActiveRecord: 0.2ms)


Started GET "/todos" for ::1 at 2017-09-21 17:30:59 -0400
Processing by TodosController#index as HTML
  [1m[36mTodo Load (0.2ms)[0m  [1m[34mSELECT "todos".* FROM "todos"[0m
Completed 200 OK in 2ms (Views: 1.5ms | ActiveRecord: 0.2ms)


Started GET "/todos" for ::1 at 2017-09-21 17:31:41 -0400
Processing by TodosController#index as HTML
  [1m[36mTodo Load (0.2ms)[0m  [1m[34mSELECT "todos".* FROM "todos"[0m
Completed 200 OK in 2ms (Views: 1.4ms | ActiveRecord: 0.2ms)


Started GET "/todos" for ::1 at 2017-09-21 17:32:38 -0400
Processing by TodosController#index as HTML
  [1m[36mTodo Load (0.2ms)[0m  [1m[34mSELECT "todos".* FROM "todos"[0m
Completed 200 OK in 2ms (Views: 1.5ms | ActiveRecord: 0.2ms)


Started GET "/todos" for ::1 at 2017-09-21 17:34:00 -0400
Processing by TodosController#index as HTML
  [1m[36mTodo Load (0.3ms)[0m  [1m[34mSELECT "todos".* FROM "todos"[0m
Completed 200 OK in 2ms (Views: 1.5ms | ActiveRecord: 0.3ms)


Started GET "/todos" for ::1 at 2017-09-21 17:34:13 -0400
Processing by TodosController#index as HTML
  [1m[36mTodo Load (0.3ms)[0m  [1m[34mSELECT "todos".* FROM "todos"[0m
Completed 200 OK in 9ms (Views: 7.7ms | ActiveRecord: 0.3ms)


Started GET "/todos" for ::1 at 2017-09-21 17:35:31 -0400
Processing by TodosController#index as HTML
  [1m[36mTodo Load (0.2ms)[0m  [1m[34mSELECT "todos".* FROM "todos"[0m
Completed 200 OK in 2ms (Views: 1.7ms | ActiveRecord: 0.2ms)


Started GET "/todos" for ::1 at 2017-09-21 17:36:18 -0400
Processing by TodosController#index as HTML
  [1m[36mTodo Load (0.2ms)[0m  [1m[34mSELECT "todos".* FROM "todos"[0m
Completed 200 OK in 2ms (Views: 1.2ms | ActiveRecord: 0.2ms)


Started GET "/todos" for ::1 at 2017-09-21 17:36:37 -0400
Processing by TodosController#index as HTML
  [1m[36mTodo Load (0.1ms)[0m  [1m[34mSELECT "todos".* FROM "todos"[0m
Completed 200 OK in 2ms (Views: 1.3ms | ActiveRecord: 0.1ms)


Started GET "/todos" for ::1 at 2017-09-21 17:41:15 -0400
Processing by TodosController#index as HTML
  [1m[36mTodo Load (0.9ms)[0m  [1m[34mSELECT "todos".* FROM "todos"[0m
Completed 200 OK in 18ms (Views: 13.9ms | ActiveRecord: 0.9ms)


Started GET "/todos" for ::1 at 2017-09-21 17:42:34 -0400
Processing by TodosController#index as HTML
  [1m[36mTodo Load (0.3ms)[0m  [1m[34mSELECT "todos".* FROM "todos"[0m
Completed 200 OK in 2ms (Views: 1.0ms | ActiveRecord: 0.3ms)


Started GET "/todos" for ::1 at 2017-09-21 17:46:41 -0400
Processing by TodosController#index as HTML
  [1m[36mTodo Load (0.2ms)[0m  [1m[34mSELECT "todos".* FROM "todos"[0m
Completed 200 OK in 2ms (Views: 1.7ms | ActiveRecord: 0.2ms)


Started GET "/todos" for ::1 at 2017-09-21 17:47:29 -0400
Processing by TodosController#index as HTML
  [1m[36mTodo Load (0.3ms)[0m  [1m[34mSELECT "todos".* FROM "todos"[0m
Completed 200 OK in 2ms (Views: 1.4ms | ActiveRecord: 0.3ms)


Started GET "/todos" for ::1 at 2017-09-21 17:48:43 -0400
Processing by TodosController#index as HTML
  [1m[36mTodo Load (0.2ms)[0m  [1m[34mSELECT "todos".* FROM "todos"[0m
Completed 200 OK in 2ms (Views: 1.5ms | ActiveRecord: 0.2ms)


Started GET "/todos" for ::1 at 2017-09-21 17:49:08 -0400
Processing by TodosController#index as HTML
  [1m[36mTodo Load (0.2ms)[0m  [1m[34mSELECT "todos".* FROM "todos"[0m
Completed 200 OK in 2ms (Views: 1.5ms | ActiveRecord: 0.2ms)


Started GET "/todos" for ::1 at 2017-09-21 17:50:57 -0400
Processing by TodosController#index as HTML
  [1m[36mTodo Load (0.3ms)[0m  [1m[34mSELECT "todos".* FROM "todos"[0m
Completed 200 OK in 2ms (Views: 1.4ms | ActiveRecord: 0.3ms)


Started GET "/todos" for ::1 at 2017-09-21 17:51:23 -0400
Processing by TodosController#index as HTML
  [1m[36mTodo Load (0.2ms)[0m  [1m[34mSELECT "todos".* FROM "todos"[0m
Completed 200 OK in 2ms (Views: 1.5ms | ActiveRecord: 0.2ms)


Started GET "/todos" for ::1 at 2017-09-21 17:51:46 -0400
Processing by TodosController#index as HTML
  [1m[36mTodo Load (0.2ms)[0m  [1m[34mSELECT "todos".* FROM "todos"[0m
Completed 200 OK in 2ms (Views: 1.2ms | ActiveRecord: 0.2ms)


Started GET "/todos" for ::1 at 2017-09-21 17:59:32 -0400
Processing by TodosController#index as HTML
  [1m[36mTodo Load (1.1ms)[0m  [1m[34mSELECT "todos".* FROM "todos"[0m
Completed 200 OK in 17ms (Views: 11.7ms | ActiveRecord: 1.1ms)


Started PUT "/todos/undefined" for ::1 at 2017-09-21 17:59:36 -0400
Processing by TodosController#update as HTML
  Parameters: {"id"=>"undefined", "todo"=>{}}
  [1m[36mTodo Load (0.5ms)[0m  [1m[34mSELECT  "todos".* FROM "todos" WHERE "todos"."id" = ? LIMIT ?[0m  [["id", 0], ["LIMIT", 1]]
Completed 404 Not Found in 32ms (Views: 0.9ms | ActiveRecord: 0.5ms)


Started GET "/todos" for ::1 at 2017-09-21 18:00:05 -0400
Processing by TodosController#index as HTML
  [1m[36mTodo Load (0.2ms)[0m  [1m[34mSELECT "todos".* FROM "todos"[0m
Completed 200 OK in 2ms (Views: 1.8ms | ActiveRecord: 0.2ms)


Started PUT "/todos/undefined" for ::1 at 2017-09-21 18:00:09 -0400
Processing by TodosController#update as HTML
  Parameters: {"id"=>"undefined", "todo"=>{}}
  [1m[36mTodo Load (0.1ms)[0m  [1m[34mSELECT  "todos".* FROM "todos" WHERE "todos"."id" = ? LIMIT ?[0m  [["id", 0], ["LIMIT", 1]]
Completed 404 Not Found in 1ms (Views: 0.3ms | ActiveRecord: 0.1ms)


Started GET "/todos" for ::1 at 2017-09-21 18:01:14 -0400
Processing by TodosController#index as HTML
  [1m[36mTodo Load (0.2ms)[0m  [1m[34mSELECT "todos".* FROM "todos"[0m
Completed 200 OK in 2ms (Views: 1.8ms | ActiveRecord: 0.2ms)


Started PUT "/todos/4" for ::1 at 2017-09-21 18:01:17 -0400
Processing by TodosController#update as HTML
  Parameters: {"id"=>"4", "todo"=>{}}
  [1m[36mTodo Load (0.1ms)[0m  [1m[34mSELECT  "todos".* FROM "todos" WHERE "todos"."id" = ? LIMIT ?[0m  [["id", 4], ["LIMIT", 1]]
  [1m[36mCACHE (0.0ms)[0m  [1m[34mSELECT  "todos".* FROM "todos" WHERE "todos"."id" = ? LIMIT ?[0m  [["id", 4], ["LIMIT", 1]]
Unpermitted parameter: todo
  [1m[35m (0.1ms)[0m  [1m[36mbegin transaction[0m
  [1m[35m (0.1ms)[0m  [1m[36mcommit transaction[0m
Completed 200 OK in 5ms (Views: 0.4ms | ActiveRecord: 0.3ms)


Started GET "/todos" for ::1 at 2017-09-21 18:10:43 -0400
Processing by TodosController#index as HTML
  [1m[36mTodo Load (0.2ms)[0m  [1m[34mSELECT "todos".* FROM "todos"[0m
Completed 200 OK in 2ms (Views: 1.4ms | ActiveRecord: 0.2ms)


Started PUT "/todos/4" for ::1 at 2017-09-21 18:10:47 -0400
Processing by TodosController#update as HTML
  Parameters: {"id"=>"4", "todo"=>{}}
  [1m[36mTodo Load (0.1ms)[0m  [1m[34mSELECT  "todos".* FROM "todos" WHERE "todos"."id" = ? LIMIT ?[0m  [["id", 4], ["LIMIT", 1]]
  [1m[36mCACHE (0.0ms)[0m  [1m[34mSELECT  "todos".* FROM "todos" WHERE "todos"."id" = ? LIMIT ?[0m  [["id", 4], ["LIMIT", 1]]
Unpermitted parameter: todo
  [1m[35m (0.1ms)[0m  [1m[36mbegin transaction[0m
  [1m[35m (0.0ms)[0m  [1m[36mcommit transaction[0m
Completed 200 OK in 2ms (Views: 0.3ms | ActiveRecord: 0.2ms)


Started PUT "/todos/4?complete=true" for ::1 at 2017-09-21 18:12:35 -0400
  [1m[36mActiveRecord::SchemaMigration Load (0.4ms)[0m  [1m[34mSELECT "schema_migrations".* FROM "schema_migrations"[0m
Processing by TodosController#update as */*
  Parameters: {"complete"=>"true", "id"=>"4"}
  [1m[36mTodo Load (0.2ms)[0m  [1m[34mSELECT  "todos".* FROM "todos" WHERE "todos"."id" = ? LIMIT ?[0m  [["id", 4], ["LIMIT", 1]]
  [1m[36mTodo Load (0.1ms)[0m  [1m[34mSELECT  "todos".* FROM "todos" WHERE "todos"."id" = ? LIMIT ?[0m  [["id", 4], ["LIMIT", 1]]
  [1m[35m (0.0ms)[0m  [1m[36mbegin transaction[0m
  [1m[35mSQL (0.4ms)[0m  [1m[33mUPDATE "todos" SET "complete" = ?, "updated_at" = ? WHERE "todos"."id" = ?[0m  [["complete", "t"], ["updated_at", "2017-09-21 22:12:36.176704"], ["id", 4]]
  [1m[35m (0.4ms)[0m  [1m[36mcommit transaction[0m
Completed 200 OK in 14ms (Views: 0.4ms | ActiveRecord: 1.6ms)


Started GET "/todos" for ::1 at 2017-09-21 18:12:45 -0400
Processing by TodosController#index as HTML
  [1m[36mTodo Load (0.4ms)[0m  [1m[34mSELECT "todos".* FROM "todos"[0m
Completed 200 OK in 2ms (Views: 1.7ms | ActiveRecord: 0.4ms)


Started GET "/todos" for ::1 at 2017-09-21 18:12:47 -0400
Processing by TodosController#index as HTML
  [1m[36mTodo Load (0.1ms)[0m  [1m[34mSELECT "todos".* FROM "todos"[0m
Completed 200 OK in 1ms (Views: 0.9ms | ActiveRecord: 0.1ms)


Started GET "/todos" for ::1 at 2017-09-21 18:13:41 -0400
Processing by TodosController#index as HTML
  [1m[36mTodo Load (0.2ms)[0m  [1m[34mSELECT "todos".* FROM "todos"[0m
Completed 200 OK in 2ms (Views: 1.4ms | ActiveRecord: 0.2ms)


Started PUT "/todos/4" for ::1 at 2017-09-21 18:13:45 -0400
Processing by TodosController#update as HTML
  Parameters: {"id"=>"4", "todo"=>{}}
  [1m[36mTodo Load (0.2ms)[0m  [1m[34mSELECT  "todos".* FROM "todos" WHERE "todos"."id" = ? LIMIT ?[0m  [["id", 4], ["LIMIT", 1]]
  [1m[36mCACHE (0.0ms)[0m  [1m[34mSELECT  "todos".* FROM "todos" WHERE "todos"."id" = ? LIMIT ?[0m  [["id", 4], ["LIMIT", 1]]
Unpermitted parameter: todo
  [1m[35m (0.0ms)[0m  [1m[36mbegin transaction[0m
  [1m[35m (0.0ms)[0m  [1m[36mcommit transaction[0m
Completed 200 OK in 2ms (Views: 0.3ms | ActiveRecord: 0.2ms)


  [1m[36mActiveRecord::SchemaMigration Load (0.2ms)[0m  [1m[34mSELECT "schema_migrations".* FROM "schema_migrations"[0m
  [1m[36mTodo Load (0.2ms)[0m  [1m[34mSELECT "todos".* FROM "todos"[0m
  [1m[35m (0.1ms)[0m  [1m[36mbegin transaction[0m
  [1m[35mSQL (0.4ms)[0m  [1m[31mDELETE FROM "todos" WHERE "todos"."id" = ?[0m  [["id", 3]]
  [1m[35m (0.4ms)[0m  [1m[36mcommit transaction[0m
  [1m[35m (0.0ms)[0m  [1m[36mbegin transaction[0m
  [1m[35mSQL (0.1ms)[0m  [1m[31mDELETE FROM "todos" WHERE "todos"."id" = ?[0m  [["id", 4]]
  [1m[35m (0.4ms)[0m  [1m[36mcommit transaction[0m
Started POST "/todos?title=clean%20the%20kitchen&owner=chip.irek@gmail.com&complete=true" for ::1 at 2017-09-21 18:35:33 -0400
  [1m[36mActiveRecord::SchemaMigration Load (0.1ms)[0m  [1m[34mSELECT "schema_migrations".* FROM "schema_migrations"[0m
Processing by TodosController#create as */*
  Parameters: {"title"=>"clean the kitchen", "owner"=>"chip.irek@gmail.com", "complete"=>"true"}
  [1m[35m (0.0ms)[0m  [1m[36mbegin transaction[0m
  [1m[35mSQL (0.4ms)[0m  [1m[32mINSERT INTO "todos" ("title", "owner", "complete", "created_at", "updated_at") VALUES (?, ?, ?, ?, ?)[0m  [["title", "clean the kitchen"], ["owner", "chip.irek@gmail.com"], ["complete", "t"], ["created_at", "2017-09-21 22:35:33.397809"], ["updated_at", "2017-09-21 22:35:33.397809"]]
  [1m[35m (0.5ms)[0m  [1m[36mcommit transaction[0m
Completed 200 OK in 9ms (Views: 0.4ms | ActiveRecord: 1.4ms)


Started GET "/todos" for ::1 at 2017-09-21 18:36:07 -0400
Processing by TodosController#index as HTML
  [1m[36mTodo Load (0.1ms)[0m  [1m[34mSELECT "todos".* FROM "todos"[0m
Completed 200 OK in 1ms (Views: 0.9ms | ActiveRecord: 0.1ms)


Started GET "/todos" for ::1 at 2017-09-21 18:37:54 -0400
Processing by TodosController#index as HTML
  [1m[36mTodo Load (0.2ms)[0m  [1m[34mSELECT "todos".* FROM "todos"[0m
Completed 200 OK in 1ms (Views: 0.8ms | ActiveRecord: 0.2ms)


Started GET "/todos" for ::1 at 2017-09-21 18:38:09 -0400
Processing by TodosController#index as HTML
  [1m[36mTodo Load (0.1ms)[0m  [1m[34mSELECT "todos".* FROM "todos"[0m
Completed 200 OK in 1ms (Views: 0.8ms | ActiveRecord: 0.1ms)


Started GET "/todos" for ::1 at 2017-09-21 18:38:33 -0400
Processing by TodosController#index as HTML
  [1m[36mTodo Load (0.1ms)[0m  [1m[34mSELECT "todos".* FROM "todos"[0m
Completed 200 OK in 1ms (Views: 0.7ms | ActiveRecord: 0.1ms)


Started GET "/todos" for ::1 at 2017-09-21 18:39:04 -0400
Processing by TodosController#index as HTML
  [1m[36mTodo Load (0.1ms)[0m  [1m[34mSELECT "todos".* FROM "todos"[0m
Completed 200 OK in 1ms (Views: 0.9ms | ActiveRecord: 0.1ms)


Started GET "/todos" for ::1 at 2017-09-21 18:39:15 -0400
Processing by TodosController#index as HTML
  [1m[36mTodo Load (0.1ms)[0m  [1m[34mSELECT "todos".* FROM "todos"[0m
Completed 200 OK in 1ms (Views: 0.7ms | ActiveRecord: 0.1ms)


Started GET "/todos" for ::1 at 2017-09-21 18:39:27 -0400
Processing by TodosController#index as HTML
  [1m[36mTodo Load (0.2ms)[0m  [1m[34mSELECT "todos".* FROM "todos"[0m
Completed 200 OK in 1ms (Views: 0.8ms | ActiveRecord: 0.2ms)


Started GET "/todos" for ::1 at 2017-09-21 18:39:38 -0400
Processing by TodosController#index as HTML
  [1m[36mTodo Load (0.2ms)[0m  [1m[34mSELECT "todos".* FROM "todos"[0m
Completed 200 OK in 1ms (Views: 1.0ms | ActiveRecord: 0.2ms)


Started POST "/todos?title=walk%20the%20dog&owner=chip.irek@gmail.com&complete=false" for ::1 at 2017-09-21 18:40:21 -0400
Processing by TodosController#create as */*
  Parameters: {"title"=>"walk the dog", "owner"=>"chip.irek@gmail.com", "complete"=>"false"}
  [1m[35m (0.1ms)[0m  [1m[36mbegin transaction[0m
  [1m[35mSQL (0.3ms)[0m  [1m[32mINSERT INTO "todos" ("title", "owner", "complete", "created_at", "updated_at") VALUES (?, ?, ?, ?, ?)[0m  [["title", "walk the dog"], ["owner", "chip.irek@gmail.com"], ["complete", "f"], ["created_at", "2017-09-21 22:40:21.122025"], ["updated_at", "2017-09-21 22:40:21.122025"]]
  [1m[35m (2.2ms)[0m  [1m[36mcommit transaction[0m
Completed 200 OK in 4ms (Views: 0.4ms | ActiveRecord: 2.5ms)


Started GET "/todos" for ::1 at 2017-09-21 18:40:25 -0400
Processing by TodosController#index as */*
  [1m[36mTodo Load (0.2ms)[0m  [1m[34mSELECT "todos".* FROM "todos"[0m
Completed 200 OK in 2ms (Views: 1.3ms | ActiveRecord: 0.2ms)


Started GET "/todos" for ::1 at 2017-09-21 18:40:30 -0400
Processing by TodosController#index as HTML
  [1m[36mTodo Load (0.2ms)[0m  [1m[34mSELECT "todos".* FROM "todos"[0m
Completed 200 OK in 1ms (Views: 0.9ms | ActiveRecord: 0.2ms)


Started PUT "/todos/6" for ::1 at 2017-09-21 18:40:33 -0400
Processing by TodosController#update as HTML
  Parameters: {"id"=>"6", "todo"=>{}}
  [1m[36mTodo Load (0.2ms)[0m  [1m[34mSELECT  "todos".* FROM "todos" WHERE "todos"."id" = ? LIMIT ?[0m  [["id", 6], ["LIMIT", 1]]
  [1m[36mCACHE (0.0ms)[0m  [1m[34mSELECT  "todos".* FROM "todos" WHERE "todos"."id" = ? LIMIT ?[0m  [["id", 6], ["LIMIT", 1]]
Unpermitted parameter: todo
  [1m[35m (0.0ms)[0m  [1m[36mbegin transaction[0m
  [1m[35m (0.0ms)[0m  [1m[36mcommit transaction[0m
Completed 200 OK in 4ms (Views: 0.3ms | ActiveRecord: 0.3ms)


Started GET "/todos" for ::1 at 2017-09-21 18:40:39 -0400
Processing by TodosController#index as */*
  [1m[36mTodo Load (0.1ms)[0m  [1m[34mSELECT "todos".* FROM "todos"[0m
Completed 200 OK in 1ms (Views: 0.8ms | ActiveRecord: 0.1ms)


Started GET "/todos" for ::1 at 2017-09-21 18:41:27 -0400
Processing by TodosController#index as HTML
  [1m[36mTodo Load (0.2ms)[0m  [1m[34mSELECT "todos".* FROM "todos"[0m
Completed 200 OK in 2ms (Views: 1.1ms | ActiveRecord: 0.2ms)


Started GET "/todos" for ::1 at 2017-09-21 18:41:31 -0400
Processing by TodosController#index as HTML
  [1m[36mTodo Load (0.2ms)[0m  [1m[34mSELECT "todos".* FROM "todos"[0m
Completed 200 OK in 1ms (Views: 0.9ms | ActiveRecord: 0.2ms)


Started PUT "/todos/6" for ::1 at 2017-09-21 18:41:33 -0400
Processing by TodosController#update as HTML
  Parameters: {"complete"=>true, "id"=>"6", "todo"=>{"complete"=>true}}
  [1m[36mTodo Load (0.1ms)[0m  [1m[34mSELECT  "todos".* FROM "todos" WHERE "todos"."id" = ? LIMIT ?[0m  [["id", 6], ["LIMIT", 1]]
  [1m[36mCACHE (0.0ms)[0m  [1m[34mSELECT  "todos".* FROM "todos" WHERE "todos"."id" = ? LIMIT ?[0m  [["id", 6], ["LIMIT", 1]]
Unpermitted parameter: todo
  [1m[35m (0.1ms)[0m  [1m[36mbegin transaction[0m
  [1m[35mSQL (0.3ms)[0m  [1m[33mUPDATE "todos" SET "complete" = ?, "updated_at" = ? WHERE "todos"."id" = ?[0m  [["complete", "t"], ["updated_at", "2017-09-21 22:41:33.744924"], ["id", 6]]
  [1m[35m (2.4ms)[0m  [1m[36mcommit transaction[0m
Completed 200 OK in 7ms (Views: 0.4ms | ActiveRecord: 2.9ms)


Started GET "/todos" for ::1 at 2017-09-21 18:41:58 -0400
Processing by TodosController#index as */*
  [1m[36mTodo Load (0.1ms)[0m  [1m[34mSELECT "todos".* FROM "todos"[0m
Completed 200 OK in 1ms (Views: 0.8ms | ActiveRecord: 0.1ms)


Started GET "/todos" for ::1 at 2017-09-21 18:42:10 -0400
Processing by TodosController#index as HTML
  [1m[36mTodo Load (0.1ms)[0m  [1m[34mSELECT "todos".* FROM "todos"[0m
Completed 200 OK in 1ms (Views: 1.0ms | ActiveRecord: 0.1ms)


Started PUT "/todos/6" for ::1 at 2017-09-21 18:42:14 -0400
Processing by TodosController#update as HTML
  Parameters: {"complete"=>false, "id"=>"6", "todo"=>{"complete"=>false}}
  [1m[36mTodo Load (0.1ms)[0m  [1m[34mSELECT  "todos".* FROM "todos" WHERE "todos"."id" = ? LIMIT ?[0m  [["id", 6], ["LIMIT", 1]]
  [1m[36mCACHE (0.0ms)[0m  [1m[34mSELECT  "todos".* FROM "todos" WHERE "todos"."id" = ? LIMIT ?[0m  [["id", 6], ["LIMIT", 1]]
Unpermitted parameter: todo
  [1m[35m (0.1ms)[0m  [1m[36mbegin transaction[0m
  [1m[35mSQL (0.3ms)[0m  [1m[33mUPDATE "todos" SET "complete" = ?, "updated_at" = ? WHERE "todos"."id" = ?[0m  [["complete", "f"], ["updated_at", "2017-09-21 22:42:14.023724"], ["id", 6]]
  [1m[35m (2.3ms)[0m  [1m[36mcommit transaction[0m
Completed 200 OK in 6ms (Views: 0.4ms | ActiveRecord: 2.7ms)


Started GET "/todos" for ::1 at 2017-09-21 18:42:16 -0400
Processing by TodosController#index as HTML
  [1m[36mTodo Load (0.2ms)[0m  [1m[34mSELECT "todos".* FROM "todos"[0m
Completed 200 OK in 2ms (Views: 1.3ms | ActiveRecord: 0.2ms)


Started GET "/todos" for ::1 at 2017-09-21 18:45:05 -0400
  [1m[36mActiveRecord::SchemaMigration Load (0.1ms)[0m  [1m[34mSELECT "schema_migrations".* FROM "schema_migrations"[0m
Processing by TodosController#index as */*
  [1m[36mTodo Load (0.1ms)[0m  [1m[34mSELECT "todos".* FROM "todos"[0m
Completed 200 OK in 7ms (Views: 4.6ms | ActiveRecord: 0.5ms)


Started GET "/todos" for ::1 at 2017-09-21 18:45:11 -0400
Processing by TodosController#index as HTML
  [1m[36mTodo Load (0.4ms)[0m  [1m[34mSELECT "todos".* FROM "todos"[0m
Completed 200 OK in 2ms (Views: 1.4ms | ActiveRecord: 0.4ms)


Started GET "/todos" for ::1 at 2017-09-21 18:54:35 -0400
Processing by TodosController#index as HTML
  [1m[36mTodo Load (0.1ms)[0m  [1m[34mSELECT "todos".* FROM "todos"[0m
Completed 200 OK in 1ms (Views: 1.1ms | ActiveRecord: 0.1ms)


Started GET "/todos" for ::1 at 2017-09-21 18:55:28 -0400
Processing by TodosController#index as HTML
  [1m[36mTodo Load (0.1ms)[0m  [1m[34mSELECT "todos".* FROM "todos"[0m
Completed 200 OK in 1ms (Views: 1.1ms | ActiveRecord: 0.1ms)


Started PUT "/todos/6" for ::1 at 2017-09-21 18:55:37 -0400
Processing by TodosController#update as HTML
  Parameters: {"id"=>"6", "todo"=>{}}
  [1m[36mTodo Load (0.2ms)[0m  [1m[34mSELECT  "todos".* FROM "todos" WHERE "todos"."id" = ? LIMIT ?[0m  [["id", 6], ["LIMIT", 1]]
  [1m[36mCACHE (0.0ms)[0m  [1m[34mSELECT  "todos".* FROM "todos" WHERE "todos"."id" = ? LIMIT ?[0m  [["id", 6], ["LIMIT", 1]]
Unpermitted parameter: todo
  [1m[35m (0.1ms)[0m  [1m[36mbegin transaction[0m
  [1m[35m (0.0ms)[0m  [1m[36mcommit transaction[0m
Completed 200 OK in 4ms (Views: 0.3ms | ActiveRecord: 0.3ms)


Started GET "/todos" for ::1 at 2017-09-21 18:56:55 -0400
Processing by TodosController#index as HTML
  [1m[36mTodo Load (0.2ms)[0m  [1m[34mSELECT "todos".* FROM "todos"[0m
Completed 200 OK in 2ms (Views: 1.3ms | ActiveRecord: 0.2ms)


Started GET "/todos" for ::1 at 2017-09-21 18:57:12 -0400
Processing by TodosController#index as HTML
  [1m[36mTodo Load (0.2ms)[0m  [1m[34mSELECT "todos".* FROM "todos"[0m
Completed 200 OK in 2ms (Views: 1.6ms | ActiveRecord: 0.2ms)


Started POST "/todos/" for ::1 at 2017-09-21 18:57:15 -0400
Processing by TodosController#create as HTML
  Parameters: {"title"=>"hello", "complete"=>false, "todo"=>{"title"=>"hello", "complete"=>false}}
Unpermitted parameter: todo
  [1m[35m (0.1ms)[0m  [1m[36mbegin transaction[0m
  [1m[35mSQL (0.5ms)[0m  [1m[32mINSERT INTO "todos" ("title", "complete", "created_at", "updated_at") VALUES (?, ?, ?, ?)[0m  [["title", "hello"], ["complete", "f"], ["created_at", "2017-09-21 22:57:15.032648"], ["updated_at", "2017-09-21 22:57:15.032648"]]
  [1m[35m (2.1ms)[0m  [1m[36mcommit transaction[0m
Completed 200 OK in 5ms (Views: 0.3ms | ActiveRecord: 2.7ms)


Started GET "/todos" for ::1 at 2017-09-21 18:57:22 -0400
Processing by TodosController#index as HTML
  [1m[36mTodo Load (0.2ms)[0m  [1m[34mSELECT "todos".* FROM "todos"[0m
Completed 200 OK in 2ms (Views: 1.2ms | ActiveRecord: 0.2ms)


Started GET "/todos" for ::1 at 2017-09-21 18:57:50 -0400
Processing by TodosController#index as HTML
  [1m[36mTodo Load (0.2ms)[0m  [1m[34mSELECT "todos".* FROM "todos"[0m
Completed 200 OK in 2ms (Views: 1.3ms | ActiveRecord: 0.2ms)


Started POST "/todos/" for ::1 at 2017-09-21 18:57:54 -0400
Processing by TodosController#create as HTML
  Parameters: {"title"=>"sdfsdf s", "complete"=>false, "todo"=>{"title"=>"sdfsdf s", "complete"=>false}}
Unpermitted parameter: todo
  [1m[35m (0.1ms)[0m  [1m[36mbegin transaction[0m
  [1m[35mSQL (0.3ms)[0m  [1m[32mINSERT INTO "todos" ("title", "complete", "created_at", "updated_at") VALUES (?, ?, ?, ?)[0m  [["title", "sdfsdf s"], ["complete", "f"], ["created_at", "2017-09-21 22:57:54.029845"], ["updated_at", "2017-09-21 22:57:54.029845"]]
  [1m[35m (2.0ms)[0m  [1m[36mcommit transaction[0m
Completed 200 OK in 4ms (Views: 0.3ms | ActiveRecord: 2.4ms)


Started GET "/todos" for ::1 at 2017-09-21 18:58:26 -0400
Processing by TodosController#index as HTML
  [1m[36mTodo Load (0.2ms)[0m  [1m[34mSELECT "todos".* FROM "todos"[0m
Completed 200 OK in 2ms (Views: 1.8ms | ActiveRecord: 0.2ms)


Started POST "/todos/" for ::1 at 2017-09-21 18:58:36 -0400
Processing by TodosController#create as HTML
  Parameters: {"title"=>"xrxrxr", "complete"=>false, "todo"=>{"title"=>"xrxrxr", "complete"=>false}}
Unpermitted parameter: todo
Started GET "/todos" for ::1 at 2017-09-21 18:58:36 -0400
  [1m[35m (0.1ms)[0m  [1m[36mbegin transaction[0m
Processing by TodosController#index as HTML
  [1m[35mSQL (0.3ms)[0m  [1m[32mINSERT INTO "todos" ("title", "complete", "created_at", "updated_at") VALUES (?, ?, ?, ?)[0m  [["title", "xrxrxr"], ["complete", "f"], ["created_at", "2017-09-21 22:58:36.069938"], ["updated_at", "2017-09-21 22:58:36.069938"]]
  [1m[36mTodo Load (0.1ms)[0m  [1m[34mSELECT "todos".* FROM "todos"[0m
  [1m[35m (2.0ms)[0m  [1m[36mcommit transaction[0m
Completed 200 OK in 4ms (Views: 3.3ms | ActiveRecord: 0.1ms)


Completed 200 OK in 7ms (Views: 0.2ms | ActiveRecord: 2.4ms)


Started GET "/todos" for ::1 at 2017-09-21 18:59:09 -0400
Processing by TodosController#index as HTML
  [1m[36mTodo Load (0.2ms)[0m  [1m[34mSELECT "todos".* FROM "todos"[0m
Completed 200 OK in 2ms (Views: 1.8ms | ActiveRecord: 0.2ms)


Started GET "/todos" for ::1 at 2017-09-21 18:59:20 -0400
Processing by TodosController#index as */*
  [1m[36mTodo Load (0.2ms)[0m  [1m[34mSELECT "todos".* FROM "todos"[0m
Completed 200 OK in 2ms (Views: 1.3ms | ActiveRecord: 0.2ms)


Started GET "/todos" for ::1 at 2017-09-21 19:00:01 -0400
Processing by TodosController#index as HTML
  [1m[36mTodo Load (0.2ms)[0m  [1m[34mSELECT "todos".* FROM "todos"[0m
Completed 200 OK in 2ms (Views: 1.9ms | ActiveRecord: 0.2ms)


Started POST "/todos/" for ::1 at 2017-09-21 19:00:17 -0400
Processing by TodosController#create as HTML
  Parameters: {"title"=>"456345646", "complete"=>false, "todo"=>{"title"=>"456345646", "complete"=>false}}
Started GET "/todos" for ::1 at 2017-09-21 19:00:17 -0400
Unpermitted parameter: todo
Processing by TodosController#index as HTML
  [1m[35m (0.1ms)[0m  [1m[36mbegin transaction[0m
  [1m[36mTodo Load (0.1ms)[0m  [1m[34mSELECT "todos".* FROM "todos"[0m
  [1m[35mSQL (0.3ms)[0m  [1m[32mINSERT INTO "todos" ("title", "complete", "created_at", "updated_at") VALUES (?, ?, ?, ?)[0m  [["title", "456345646"], ["complete", "f"], ["created_at", "2017-09-21 23:00:17.875272"], ["updated_at", "2017-09-21 23:00:17.875272"]]
Completed 200 OK in 3ms (Views: 2.3ms | ActiveRecord: 0.1ms)


  [1m[35m (2.2ms)[0m  [1m[36mcommit transaction[0m
Completed 200 OK in 7ms (Views: 0.4ms | ActiveRecord: 2.5ms)


Started GET "/todos" for ::1 at 2017-09-21 19:01:32 -0400
Processing by TodosController#index as HTML
  [1m[36mTodo Load (0.1ms)[0m  [1m[34mSELECT "todos".* FROM "todos"[0m
Completed 200 OK in 2ms (Views: 1.8ms | ActiveRecord: 0.1ms)


Started GET "/todos" for ::1 at 2017-09-21 19:01:48 -0400
Processing by TodosController#index as HTML
  [1m[36mTodo Load (0.2ms)[0m  [1m[34mSELECT "todos".* FROM "todos"[0m
Completed 200 OK in 2ms (Views: 1.8ms | ActiveRecord: 0.2ms)


Started POST "/todos/" for ::1 at 2017-09-21 19:01:51 -0400
Processing by TodosController#create as HTML
  Parameters: {"title"=>"123", "complete"=>false, "todo"=>{"title"=>"123", "complete"=>false}}
Unpermitted parameter: todo
  [1m[35m (0.1ms)[0m  [1m[36mbegin transaction[0m
  [1m[35mSQL (0.4ms)[0m  [1m[32mINSERT INTO "todos" ("title", "complete", "created_at", "updated_at") VALUES (?, ?, ?, ?)[0m  [["title", "123"], ["complete", "f"], ["created_at", "2017-09-21 23:01:51.813261"], ["updated_at", "2017-09-21 23:01:51.813261"]]
  [1m[35m (2.1ms)[0m  [1m[36mcommit transaction[0m
Completed 200 OK in 5ms (Views: 0.3ms | ActiveRecord: 2.5ms)


Started GET "/todos" for ::1 at 2017-09-22 08:16:55 -0400
Processing by TodosController#index as HTML
  [1m[36mTodo Load (1.0ms)[0m  [1m[34mSELECT "todos".* FROM "todos"[0m
Completed 200 OK in 24ms (Views: 16.0ms | ActiveRecord: 1.0ms)


Started GET "/todos" for ::1 at 2017-09-22 08:17:12 -0400
Processing by TodosController#index as HTML
  [1m[36mTodo Load (0.5ms)[0m  [1m[34mSELECT "todos".* FROM "todos"[0m
Completed 200 OK in 4ms (Views: 3.7ms | ActiveRecord: 0.5ms)


Started GET "/todos" for ::1 at 2017-09-22 08:17:17 -0400
Started POST "/todos/" for ::1 at 2017-09-22 08:17:17 -0400
Processing by TodosController#index as HTML
Processing by TodosController#create as HTML
  [1m[36mTodo Load (0.2ms)[0m  [1m[34mSELECT "todos".* FROM "todos"[0m
  Parameters: {"title"=>"fri", "complete"=>false, "todo"=>{"title"=>"fri", "complete"=>false}}
Completed 200 OK in 5ms (Views: 4.1ms | ActiveRecord: 0.2ms)


Unpermitted parameter: todo
  [1m[35m (0.2ms)[0m  [1m[36mbegin transaction[0m
  [1m[35mSQL (0.7ms)[0m  [1m[32mINSERT INTO "todos" ("title", "complete", "created_at", "updated_at") VALUES (?, ?, ?, ?)[0m  [["title", "fri"], ["complete", "f"], ["created_at", "2017-09-22 12:17:17.415242"], ["updated_at", "2017-09-22 12:17:17.415242"]]
  [1m[35m (0.5ms)[0m  [1m[36mcommit transaction[0m
Completed 200 OK in 8ms (Views: 0.9ms | ActiveRecord: 1.4ms)


Started GET "/todos" for ::1 at 2017-09-22 08:17:51 -0400
Processing by TodosController#index as HTML
  [1m[36mTodo Load (0.5ms)[0m  [1m[34mSELECT "todos".* FROM "todos"[0m
Completed 200 OK in 6ms (Views: 5.1ms | ActiveRecord: 0.5ms)


Started POST "/todos/" for ::1 at 2017-09-22 08:17:56 -0400
Started GET "/todos" for ::1 at 2017-09-22 08:17:56 -0400
Processing by TodosController#create as HTML
Processing by TodosController#index as HTML
  Parameters: {"title"=>"friday", "complete"=>false, "todo"=>{"title"=>"friday", "complete"=>false}}
  [1m[36mTodo Load (0.2ms)[0m  [1m[34mSELECT "todos".* FROM "todos"[0m
Unpermitted parameter: todo
Completed 200 OK in 4ms (Views: 3.5ms | ActiveRecord: 0.2ms)


  [1m[35m (0.0ms)[0m  [1m[36mbegin transaction[0m
  [1m[35mSQL (1.6ms)[0m  [1m[32mINSERT INTO "todos" ("title", "complete", "created_at", "updated_at") VALUES (?, ?, ?, ?)[0m  [["title", "friday"], ["complete", "f"], ["created_at", "2017-09-22 12:17:56.946100"], ["updated_at", "2017-09-22 12:17:56.946100"]]
  [1m[35m (0.4ms)[0m  [1m[36mcommit transaction[0m
Completed 200 OK in 7ms (Views: 0.3ms | ActiveRecord: 2.0ms)


Started GET "/todos" for ::1 at 2017-09-22 08:18:50 -0400
Processing by TodosController#index as HTML
  [1m[36mTodo Load (0.6ms)[0m  [1m[34mSELECT "todos".* FROM "todos"[0m
Completed 200 OK in 4ms (Views: 3.6ms | ActiveRecord: 0.6ms)


Started GET "/todos" for ::1 at 2017-09-22 08:18:52 -0400
Processing by TodosController#index as HTML
  [1m[36mTodo Load (0.3ms)[0m  [1m[34mSELECT "todos".* FROM "todos"[0m
Completed 200 OK in 5ms (Views: 4.4ms | ActiveRecord: 0.3ms)


Started PUT "/todos/6" for ::1 at 2017-09-22 08:18:54 -0400
Processing by TodosController#update as HTML
  Parameters: {"complete"=>true, "id"=>"6", "todo"=>{"complete"=>true}}
  [1m[36mTodo Load (0.2ms)[0m  [1m[34mSELECT  "todos".* FROM "todos" WHERE "todos"."id" = ? LIMIT ?[0m  [["id", 6], ["LIMIT", 1]]
  [1m[36mCACHE (0.0ms)[0m  [1m[34mSELECT  "todos".* FROM "todos" WHERE "todos"."id" = ? LIMIT ?[0m  [["id", 6], ["LIMIT", 1]]
Unpermitted parameter: todo
  [1m[35m (0.0ms)[0m  [1m[36mbegin transaction[0m
  [1m[35mSQL (0.4ms)[0m  [1m[33mUPDATE "todos" SET "complete" = ?, "updated_at" = ? WHERE "todos"."id" = ?[0m  [["complete", "t"], ["updated_at", "2017-09-22 12:18:54.622274"], ["id", 6]]
  [1m[35m (2.2ms)[0m  [1m[36mcommit transaction[0m
Completed 200 OK in 21ms (Views: 0.5ms | ActiveRecord: 2.8ms)


Started PUT "/todos/6" for ::1 at 2017-09-22 08:18:56 -0400
Processing by TodosController#update as HTML
  Parameters: {"complete"=>true, "id"=>"6", "todo"=>{"complete"=>true}}
  [1m[36mTodo Load (0.1ms)[0m  [1m[34mSELECT  "todos".* FROM "todos" WHERE "todos"."id" = ? LIMIT ?[0m  [["id", 6], ["LIMIT", 1]]
  [1m[36mCACHE (0.0ms)[0m  [1m[34mSELECT  "todos".* FROM "todos" WHERE "todos"."id" = ? LIMIT ?[0m  [["id", 6], ["LIMIT", 1]]
Unpermitted parameter: todo
  [1m[35m (0.1ms)[0m  [1m[36mbegin transaction[0m
  [1m[35m (0.0ms)[0m  [1m[36mcommit transaction[0m
Completed 200 OK in 3ms (Views: 0.4ms | ActiveRecord: 0.2ms)


Started PUT "/todos/6" for ::1 at 2017-09-22 08:18:56 -0400
Processing by TodosController#update as HTML
  Parameters: {"complete"=>true, "id"=>"6", "todo"=>{"complete"=>true}}
  [1m[36mTodo Load (0.1ms)[0m  [1m[34mSELECT  "todos".* FROM "todos" WHERE "todos"."id" = ? LIMIT ?[0m  [["id", 6], ["LIMIT", 1]]
  [1m[36mCACHE (0.0ms)[0m  [1m[34mSELECT  "todos".* FROM "todos" WHERE "todos"."id" = ? LIMIT ?[0m  [["id", 6], ["LIMIT", 1]]
Unpermitted parameter: todo
  [1m[35m (0.1ms)[0m  [1m[36mbegin transaction[0m
  [1m[35m (0.0ms)[0m  [1m[36mcommit transaction[0m
Completed 200 OK in 3ms (Views: 0.3ms | ActiveRecord: 0.2ms)


Started PUT "/todos/6" for ::1 at 2017-09-22 08:18:57 -0400
Processing by TodosController#update as HTML
  Parameters: {"complete"=>true, "id"=>"6", "todo"=>{"complete"=>true}}
  [1m[36mTodo Load (0.1ms)[0m  [1m[34mSELECT  "todos".* FROM "todos" WHERE "todos"."id" = ? LIMIT ?[0m  [["id", 6], ["LIMIT", 1]]
  [1m[36mCACHE (0.0ms)[0m  [1m[34mSELECT  "todos".* FROM "todos" WHERE "todos"."id" = ? LIMIT ?[0m  [["id", 6], ["LIMIT", 1]]
Unpermitted parameter: todo
  [1m[35m (0.1ms)[0m  [1m[36mbegin transaction[0m
  [1m[35m (0.0ms)[0m  [1m[36mcommit transaction[0m
Completed 200 OK in 4ms (Views: 0.4ms | ActiveRecord: 0.2ms)


Started PUT "/todos/6" for ::1 at 2017-09-22 08:18:57 -0400
Processing by TodosController#update as HTML
  Parameters: {"complete"=>true, "id"=>"6", "todo"=>{"complete"=>true}}
  [1m[36mTodo Load (0.1ms)[0m  [1m[34mSELECT  "todos".* FROM "todos" WHERE "todos"."id" = ? LIMIT ?[0m  [["id", 6], ["LIMIT", 1]]
  [1m[36mCACHE (0.0ms)[0m  [1m[34mSELECT  "todos".* FROM "todos" WHERE "todos"."id" = ? LIMIT ?[0m  [["id", 6], ["LIMIT", 1]]
Unpermitted parameter: todo
  [1m[35m (0.1ms)[0m  [1m[36mbegin transaction[0m
  [1m[35m (0.0ms)[0m  [1m[36mcommit transaction[0m
Completed 200 OK in 3ms (Views: 0.4ms | ActiveRecord: 0.2ms)


Started PUT "/todos/6" for ::1 at 2017-09-22 08:18:57 -0400
Processing by TodosController#update as HTML
  Parameters: {"complete"=>true, "id"=>"6", "todo"=>{"complete"=>true}}
  [1m[36mTodo Load (0.2ms)[0m  [1m[34mSELECT  "todos".* FROM "todos" WHERE "todos"."id" = ? LIMIT ?[0m  [["id", 6], ["LIMIT", 1]]
  [1m[36mCACHE (0.0ms)[0m  [1m[34mSELECT  "todos".* FROM "todos" WHERE "todos"."id" = ? LIMIT ?[0m  [["id", 6], ["LIMIT", 1]]
Unpermitted parameter: todo
  [1m[35m (0.0ms)[0m  [1m[36mbegin transaction[0m
  [1m[35m (0.0ms)[0m  [1m[36mcommit transaction[0m
Completed 200 OK in 2ms (Views: 0.4ms | ActiveRecord: 0.3ms)


Started PUT "/todos/6" for ::1 at 2017-09-22 08:18:58 -0400
Processing by TodosController#update as HTML
  Parameters: {"complete"=>true, "id"=>"6", "todo"=>{"complete"=>true}}
  [1m[36mTodo Load (0.1ms)[0m  [1m[34mSELECT  "todos".* FROM "todos" WHERE "todos"."id" = ? LIMIT ?[0m  [["id", 6], ["LIMIT", 1]]
  [1m[36mCACHE (0.0ms)[0m  [1m[34mSELECT  "todos".* FROM "todos" WHERE "todos"."id" = ? LIMIT ?[0m  [["id", 6], ["LIMIT", 1]]
Unpermitted parameter: todo
  [1m[35m (0.1ms)[0m  [1m[36mbegin transaction[0m
  [1m[35m (0.0ms)[0m  [1m[36mcommit transaction[0m
Completed 200 OK in 3ms (Views: 0.3ms | ActiveRecord: 0.2ms)


Started PUT "/todos/6" for ::1 at 2017-09-22 08:18:58 -0400
Processing by TodosController#update as HTML
  Parameters: {"complete"=>true, "id"=>"6", "todo"=>{"complete"=>true}}
  [1m[36mTodo Load (0.1ms)[0m  [1m[34mSELECT  "todos".* FROM "todos" WHERE "todos"."id" = ? LIMIT ?[0m  [["id", 6], ["LIMIT", 1]]
  [1m[36mCACHE (0.0ms)[0m  [1m[34mSELECT  "todos".* FROM "todos" WHERE "todos"."id" = ? LIMIT ?[0m  [["id", 6], ["LIMIT", 1]]
Unpermitted parameter: todo
  [1m[35m (0.1ms)[0m  [1m[36mbegin transaction[0m
  [1m[35m (0.0ms)[0m  [1m[36mcommit transaction[0m
Completed 200 OK in 3ms (Views: 0.5ms | ActiveRecord: 0.2ms)


Started PUT "/todos/6" for ::1 at 2017-09-22 08:18:58 -0400
Processing by TodosController#update as HTML
  Parameters: {"complete"=>true, "id"=>"6", "todo"=>{"complete"=>true}}
  [1m[36mTodo Load (0.1ms)[0m  [1m[34mSELECT  "todos".* FROM "todos" WHERE "todos"."id" = ? LIMIT ?[0m  [["id", 6], ["LIMIT", 1]]
  [1m[36mCACHE (0.0ms)[0m  [1m[34mSELECT  "todos".* FROM "todos" WHERE "todos"."id" = ? LIMIT ?[0m  [["id", 6], ["LIMIT", 1]]
Unpermitted parameter: todo
  [1m[35m (0.1ms)[0m  [1m[36mbegin transaction[0m
  [1m[35m (0.0ms)[0m  [1m[36mcommit transaction[0m
Completed 200 OK in 3ms (Views: 0.6ms | ActiveRecord: 0.2ms)


Started PUT "/todos/6" for ::1 at 2017-09-22 08:18:58 -0400
Processing by TodosController#update as HTML
  Parameters: {"complete"=>true, "id"=>"6", "todo"=>{"complete"=>true}}
  [1m[36mTodo Load (0.1ms)[0m  [1m[34mSELECT  "todos".* FROM "todos" WHERE "todos"."id" = ? LIMIT ?[0m  [["id", 6], ["LIMIT", 1]]
  [1m[36mCACHE (0.0ms)[0m  [1m[34mSELECT  "todos".* FROM "todos" WHERE "todos"."id" = ? LIMIT ?[0m  [["id", 6], ["LIMIT", 1]]
Unpermitted parameter: todo
  [1m[35m (0.1ms)[0m  [1m[36mbegin transaction[0m
  [1m[35m (0.0ms)[0m  [1m[36mcommit transaction[0m
Completed 200 OK in 3ms (Views: 0.3ms | ActiveRecord: 0.2ms)


Started PUT "/todos/6" for ::1 at 2017-09-22 08:18:58 -0400
Processing by TodosController#update as HTML
  Parameters: {"complete"=>true, "id"=>"6", "todo"=>{"complete"=>true}}
  [1m[36mTodo Load (0.1ms)[0m  [1m[34mSELECT  "todos".* FROM "todos" WHERE "todos"."id" = ? LIMIT ?[0m  [["id", 6], ["LIMIT", 1]]
  [1m[36mCACHE (0.0ms)[0m  [1m[34mSELECT  "todos".* FROM "todos" WHERE "todos"."id" = ? LIMIT ?[0m  [["id", 6], ["LIMIT", 1]]
Unpermitted parameter: todo
  [1m[35m (0.1ms)[0m  [1m[36mbegin transaction[0m
  [1m[35m (0.0ms)[0m  [1m[36mcommit transaction[0m
Completed 200 OK in 3ms (Views: 0.3ms | ActiveRecord: 0.2ms)


Started PUT "/todos/6" for ::1 at 2017-09-22 08:18:59 -0400
Processing by TodosController#update as HTML
  Parameters: {"complete"=>true, "id"=>"6", "todo"=>{"complete"=>true}}
  [1m[36mTodo Load (0.1ms)[0m  [1m[34mSELECT  "todos".* FROM "todos" WHERE "todos"."id" = ? LIMIT ?[0m  [["id", 6], ["LIMIT", 1]]
  [1m[36mCACHE (0.0ms)[0m  [1m[34mSELECT  "todos".* FROM "todos" WHERE "todos"."id" = ? LIMIT ?[0m  [["id", 6], ["LIMIT", 1]]
Unpermitted parameter: todo
  [1m[35m (0.1ms)[0m  [1m[36mbegin transaction[0m
  [1m[35m (0.0ms)[0m  [1m[36mcommit transaction[0m
Completed 200 OK in 3ms (Views: 0.3ms | ActiveRecord: 0.2ms)


Started PUT "/todos/6" for ::1 at 2017-09-22 08:19:00 -0400
Processing by TodosController#update as HTML
  Parameters: {"complete"=>true, "id"=>"6", "todo"=>{"complete"=>true}}
  [1m[36mTodo Load (0.2ms)[0m  [1m[34mSELECT  "todos".* FROM "todos" WHERE "todos"."id" = ? LIMIT ?[0m  [["id", 6], ["LIMIT", 1]]
  [1m[36mCACHE (0.0ms)[0m  [1m[34mSELECT  "todos".* FROM "todos" WHERE "todos"."id" = ? LIMIT ?[0m  [["id", 6], ["LIMIT", 1]]
Unpermitted parameter: todo
  [1m[35m (0.1ms)[0m  [1m[36mbegin transaction[0m
  [1m[35m (0.0ms)[0m  [1m[36mcommit transaction[0m
Completed 200 OK in 3ms (Views: 0.5ms | ActiveRecord: 0.3ms)


  [1m[36mActiveRecord::SchemaMigration Load (0.1ms)[0m  [1m[34mSELECT "schema_migrations".* FROM "schema_migrations"[0m
  [1m[36mTodo Load (0.1ms)[0m  [1m[34mSELECT "todos".* FROM "todos"[0m
  [1m[35m (0.1ms)[0m  [1m[36mbegin transaction[0m
  [1m[35mSQL (0.4ms)[0m  [1m[31mDELETE FROM "todos" WHERE "todos"."id" = ?[0m  [["id", 5]]
  [1m[35m (0.4ms)[0m  [1m[36mcommit transaction[0m
  [1m[35m (0.0ms)[0m  [1m[36mbegin transaction[0m
  [1m[35mSQL (0.1ms)[0m  [1m[31mDELETE FROM "todos" WHERE "todos"."id" = ?[0m  [["id", 6]]
  [1m[35m (0.4ms)[0m  [1m[36mcommit transaction[0m
  [1m[35m (0.0ms)[0m  [1m[36mbegin transaction[0m
  [1m[35mSQL (0.2ms)[0m  [1m[31mDELETE FROM "todos" WHERE "todos"."id" = ?[0m  [["id", 7]]
  [1m[35m (0.5ms)[0m  [1m[36mcommit transaction[0m
  [1m[35m (0.0ms)[0m  [1m[36mbegin transaction[0m
  [1m[35mSQL (0.2ms)[0m  [1m[31mDELETE FROM "todos" WHERE "todos"."id" = ?[0m  [["id", 8]]
  [1m[35m (0.4ms)[0m  [1m[36mcommit transaction[0m
  [1m[35m (0.0ms)[0m  [1m[36mbegin transaction[0m
  [1m[35mSQL (0.2ms)[0m  [1m[31mDELETE FROM "todos" WHERE "todos"."id" = ?[0m  [["id", 9]]
  [1m[35m (0.5ms)[0m  [1m[36mcommit transaction[0m
  [1m[35m (0.0ms)[0m  [1m[36mbegin transaction[0m
  [1m[35mSQL (0.2ms)[0m  [1m[31mDELETE FROM "todos" WHERE "todos"."id" = ?[0m  [["id", 10]]
  [1m[35m (0.5ms)[0m  [1m[36mcommit transaction[0m
  [1m[35m (0.0ms)[0m  [1m[36mbegin transaction[0m
  [1m[35mSQL (0.2ms)[0m  [1m[31mDELETE FROM "todos" WHERE "todos"."id" = ?[0m  [["id", 11]]
  [1m[35m (0.4ms)[0m  [1m[36mcommit transaction[0m
  [1m[35m (0.0ms)[0m  [1m[36mbegin transaction[0m
  [1m[35mSQL (0.2ms)[0m  [1m[31mDELETE FROM "todos" WHERE "todos"."id" = ?[0m  [["id", 12]]
  [1m[35m (0.4ms)[0m  [1m[36mcommit transaction[0m
  [1m[35m (0.0ms)[0m  [1m[36mbegin transaction[0m
  [1m[35mSQL (0.2ms)[0m  [1m[31mDELETE FROM "todos" WHERE "todos"."id" = ?[0m  [["id", 13]]
  [1m[35m (0.5ms)[0m  [1m[36mcommit transaction[0m
  [1m[36mActiveRecord::SchemaMigration Load (0.4ms)[0m  [1m[34mSELECT "schema_migrations".* FROM "schema_migrations"[0m
  [1m[36mTodo Load (0.3ms)[0m  [1m[34mSELECT "todos".* FROM "todos"[0m
Started GET "/todos" for ::1 at 2017-09-22 16:00:23 -0400
  [1m[36mActiveRecord::SchemaMigration Load (0.3ms)[0m  [1m[34mSELECT "schema_migrations".* FROM "schema_migrations"[0m
Processing by TodosController#index as */*
  [1m[36mTodo Load (0.3ms)[0m  [1m[34mSELECT "todos".* FROM "todos"[0m
Completed 200 OK in 4ms (Views: 1.3ms | ActiveRecord: 0.5ms)


Started GET "/todos" for ::1 at 2017-09-22 16:57:02 -0400
Processing by TodosController#index as */*
  [1m[36mTodo Load (1.1ms)[0m  [1m[34mSELECT "todos".* FROM "todos"[0m
Completed 200 OK in 11ms (Views: 6.1ms | ActiveRecord: 1.1ms)


Started GET "/todos" for ::1 at 2017-09-22 16:57:02 -0400
Processing by TodosController#index as */*
  [1m[36mTodo Load (0.1ms)[0m  [1m[34mSELECT "todos".* FROM "todos"[0m
Completed 200 OK in 1ms (Views: 0.8ms | ActiveRecord: 0.1ms)


Started POST "/todos" for ::1 at 2017-09-22 16:57:10 -0400
Processing by TodosController#create as */*
  [1m[35m (0.1ms)[0m  [1m[36mbegin transaction[0m
  [1m[35mSQL (1.7ms)[0m  [1m[32mINSERT INTO "todos" ("created_at", "updated_at") VALUES (?, ?)[0m  [["created_at", "2017-09-22 20:57:10.621986"], ["updated_at", "2017-09-22 20:57:10.621986"]]
  [1m[35m (0.5ms)[0m  [1m[36mcommit transaction[0m
Completed 200 OK in 20ms (Views: 1.1ms | ActiveRecord: 2.8ms)


Started GET "/todos" for ::1 at 2017-09-22 16:57:27 -0400
Processing by TodosController#index as */*
  [1m[36mTodo Load (0.2ms)[0m  [1m[34mSELECT "todos".* FROM "todos"[0m
Completed 200 OK in 3ms (Views: 2.1ms | ActiveRecord: 0.2ms)


Started GET "/todos" for ::1 at 2017-09-22 16:58:12 -0400
Processing by TodosController#index as */*
  [1m[36mTodo Load (0.3ms)[0m  [1m[34mSELECT "todos".* FROM "todos"[0m
Completed 200 OK in 2ms (Views: 1.0ms | ActiveRecord: 0.3ms)


Started GET "/todos" for ::1 at 2017-09-22 16:58:12 -0400
Processing by TodosController#index as */*
  [1m[36mTodo Load (0.1ms)[0m  [1m[34mSELECT "todos".* FROM "todos"[0m
Completed 200 OK in 2ms (Views: 1.3ms | ActiveRecord: 0.1ms)


Started GET "/todos" for ::1 at 2017-09-22 16:58:21 -0400
Processing by TodosController#index as */*
  [1m[36mTodo Load (0.2ms)[0m  [1m[34mSELECT "todos".* FROM "todos"[0m
Completed 200 OK in 2ms (Views: 1.2ms | ActiveRecord: 0.2ms)


Started GET "/todos" for ::1 at 2017-09-22 16:58:21 -0400
Processing by TodosController#index as */*
  [1m[36mTodo Load (0.2ms)[0m  [1m[34mSELECT "todos".* FROM "todos"[0m
Completed 200 OK in 1ms (Views: 1.0ms | ActiveRecord: 0.2ms)


Started POST "/todos?title=walk%20the%20dog&owner=chip.irek@gmail.com&complete=false" for ::1 at 2017-09-22 16:59:07 -0400
Processing by TodosController#create as */*
  Parameters: {"title"=>"walk the dog", "owner"=>"chip.irek@gmail.com", "complete"=>"false"}
  [1m[35m (0.1ms)[0m  [1m[36mbegin transaction[0m
  [1m[35mSQL (1.0ms)[0m  [1m[32mINSERT INTO "todos" ("title", "owner", "complete", "created_at", "updated_at") VALUES (?, ?, ?, ?, ?)[0m  [["title", "walk the dog"], ["owner", "chip.irek@gmail.com"], ["complete", "f"], ["created_at", "2017-09-22 20:59:07.271522"], ["updated_at", "2017-09-22 20:59:07.271522"]]
  [1m[35m (0.5ms)[0m  [1m[36mcommit transaction[0m
Completed 200 OK in 4ms (Views: 0.5ms | ActiveRecord: 1.5ms)


Started GET "/todos" for ::1 at 2017-09-22 16:59:14 -0400
Processing by TodosController#index as */*
  [1m[36mTodo Load (0.2ms)[0m  [1m[34mSELECT "todos".* FROM "todos"[0m
Completed 200 OK in 2ms (Views: 1.2ms | ActiveRecord: 0.2ms)


Started GET "/todos" for ::1 at 2017-09-22 16:59:14 -0400
Processing by TodosController#index as */*
  [1m[36mTodo Load (0.3ms)[0m  [1m[34mSELECT "todos".* FROM "todos"[0m
Completed 200 OK in 2ms (Views: 1.4ms | ActiveRecord: 0.3ms)


Started GET "/todos" for ::1 at 2017-09-22 17:11:48 -0400
Processing by TodosController#index as HTML
  [1m[36mTodo Load (0.1ms)[0m  [1m[34mSELECT "todos".* FROM "todos"[0m
Completed 200 OK in 2ms (Views: 1.2ms | ActiveRecord: 0.1ms)


Started GET "/todos" for ::1 at 2017-09-22 17:12:06 -0400
Processing by TodosController#index as */*
  [1m[36mTodo Load (0.3ms)[0m  [1m[34mSELECT "todos".* FROM "todos"[0m
Completed 200 OK in 1ms (Views: 0.8ms | ActiveRecord: 0.3ms)


  [1m[36mActiveRecord::SchemaMigration Load (0.1ms)[0m  [1m[34mSELECT "schema_migrations".* FROM "schema_migrations"[0m
  [1m[36mTodo Load (0.1ms)[0m  [1m[34mSELECT "todos".* FROM "todos"[0m
  [1m[35m (0.1ms)[0m  [1m[36mbegin transaction[0m
  [1m[35mSQL (0.5ms)[0m  [1m[31mDELETE FROM "todos" WHERE "todos"."id" = ?[0m  [["id", 14]]
  [1m[35m (0.6ms)[0m  [1m[36mcommit transaction[0m
  [1m[35m (0.0ms)[0m  [1m[36mbegin transaction[0m
  [1m[35mSQL (0.2ms)[0m  [1m[31mDELETE FROM "todos" WHERE "todos"."id" = ?[0m  [["id", 15]]
  [1m[35m (0.3ms)[0m  [1m[36mcommit transaction[0m
Started POST "/todos?title=walk%20the%20dog&owner=chip.irek@gmail.com&complete=false" for ::1 at 2017-09-22 17:12:24 -0400
  [1m[36mActiveRecord::SchemaMigration Load (0.1ms)[0m  [1m[34mSELECT "schema_migrations".* FROM "schema_migrations"[0m
Processing by TodosController#create as */*
  Parameters: {"title"=>"walk the dog", "owner"=>"chip.irek@gmail.com", "complete"=>"false"}
  [1m[35m (0.0ms)[0m  [1m[36mbegin transaction[0m
  [1m[35mSQL (0.4ms)[0m  [1m[32mINSERT INTO "todos" ("title", "owner", "complete", "created_at", "updated_at") VALUES (?, ?, ?, ?, ?)[0m  [["title", "walk the dog"], ["owner", "chip.irek@gmail.com"], ["complete", "f"], ["created_at", "2017-09-22 21:12:25.001908"], ["updated_at", "2017-09-22 21:12:25.001908"]]
  [1m[35m (0.5ms)[0m  [1m[36mcommit transaction[0m
Completed 200 OK in 9ms (Views: 0.5ms | ActiveRecord: 1.4ms)


Started GET "/todos" for ::1 at 2017-09-22 17:12:28 -0400
Processing by TodosController#index as */*
  [1m[36mTodo Load (0.2ms)[0m  [1m[34mSELECT "todos".* FROM "todos"[0m
Completed 200 OK in 1ms (Views: 0.9ms | ActiveRecord: 0.2ms)


Started GET "/todos" for ::1 at 2017-09-22 17:12:33 -0400
Processing by TodosController#index as HTML
  [1m[36mTodo Load (0.1ms)[0m  [1m[34mSELECT "todos".* FROM "todos"[0m
Completed 200 OK in 1ms (Views: 0.8ms | ActiveRecord: 0.1ms)


Started GET "/todos" for ::1 at 2017-09-22 17:12:55 -0400
Processing by TodosController#index as HTML
Started POST "/todos/" for ::1 at 2017-09-22 17:12:55 -0400
  [1m[36mTodo Load (0.1ms)[0m  [1m[34mSELECT "todos".* FROM "todos"[0m
Processing by TodosController#create as HTML
Completed 200 OK in 4ms (Views: 3.6ms | ActiveRecord: 0.1ms)


  Parameters: {"title"=>"hello", "complete"=>false, "todo"=>{"title"=>"hello", "complete"=>false}}
Unpermitted parameter: todo
  [1m[35m (0.1ms)[0m  [1m[36mbegin transaction[0m
  [1m[35mSQL (0.3ms)[0m  [1m[32mINSERT INTO "todos" ("title", "complete", "created_at", "updated_at") VALUES (?, ?, ?, ?)[0m  [["title", "hello"], ["complete", "f"], ["created_at", "2017-09-22 21:12:55.891692"], ["updated_at", "2017-09-22 21:12:55.891692"]]
  [1m[35m (0.5ms)[0m  [1m[36mcommit transaction[0m
Completed 200 OK in 3ms (Views: 0.4ms | ActiveRecord: 0.8ms)


Started GET "/todos" for ::1 at 2017-09-22 17:13:11 -0400
Processing by TodosController#index as HTML
  [1m[36mTodo Load (0.2ms)[0m  [1m[34mSELECT "todos".* FROM "todos"[0m
Completed 200 OK in 2ms (Views: 1.2ms | ActiveRecord: 0.2ms)


Started GET "/todos" for ::1 at 2017-09-22 17:24:41 -0400
Processing by TodosController#index as HTML
  [1m[36mTodo Load (0.2ms)[0m  [1m[34mSELECT "todos".* FROM "todos"[0m
Completed 200 OK in 2ms (Views: 1.6ms | ActiveRecord: 0.2ms)


Started GET "/todos" for ::1 at 2017-09-22 17:24:46 -0400
Processing by TodosController#index as HTML
  [1m[36mTodo Load (0.1ms)[0m  [1m[34mSELECT "todos".* FROM "todos"[0m
Started POST "/todos/" for ::1 at 2017-09-22 17:24:46 -0400
Completed 200 OK in 2ms (Views: 1.4ms | ActiveRecord: 0.1ms)


Processing by TodosController#create as HTML
  Parameters: {"title"=>"1234", "complete"=>false, "todo"=>{"title"=>"1234", "complete"=>false}}
Unpermitted parameter: todo
  [1m[35m (0.0ms)[0m  [1m[36mbegin transaction[0m
  [1m[35mSQL (2.1ms)[0m  [1m[32mINSERT INTO "todos" ("title", "complete", "created_at", "updated_at") VALUES (?, ?, ?, ?)[0m  [["title", "1234"], ["complete", "f"], ["created_at", "2017-09-22 21:24:46.035874"], ["updated_at", "2017-09-22 21:24:46.035874"]]
  [1m[35m (0.4ms)[0m  [1m[36mcommit transaction[0m
Completed 200 OK in 5ms (Views: 0.3ms | ActiveRecord: 2.6ms)


Started GET "/todos" for ::1 at 2017-09-22 17:27:46 -0400
Processing by TodosController#index as HTML
  [1m[36mTodo Load (0.7ms)[0m  [1m[34mSELECT "todos".* FROM "todos"[0m
Completed 200 OK in 3ms (Views: 2.1ms | ActiveRecord: 0.7ms)


Started POST "/todos/" for ::1 at 2017-09-22 17:27:51 -0400
Processing by TodosController#create as HTML
  Parameters: {"title"=>"5678", "complete"=>false, "todo"=>{"title"=>"5678", "complete"=>false}}
Unpermitted parameter: todo
Started GET "/todos" for ::1 at 2017-09-22 17:27:51 -0400
  [1m[35m (0.1ms)[0m  [1m[36mbegin transaction[0m
Processing by TodosController#index as HTML
  [1m[35mSQL (0.3ms)[0m  [1m[32mINSERT INTO "todos" ("title", "complete", "created_at", "updated_at") VALUES (?, ?, ?, ?)[0m  [["title", "5678"], ["complete", "f"], ["created_at", "2017-09-22 21:27:51.520169"], ["updated_at", "2017-09-22 21:27:51.520169"]]
  [1m[36mTodo Load (0.1ms)[0m  [1m[34mSELECT "todos".* FROM "todos"[0m
  [1m[35m (0.4ms)[0m  [1m[36mcommit transaction[0m
Completed 200 OK in 2ms (Views: 1.7ms | ActiveRecord: 0.1ms)


Completed 200 OK in 6ms (Views: 0.4ms | ActiveRecord: 0.8ms)


Started GET "/todos" for ::1 at 2017-09-22 17:28:25 -0400
Processing by TodosController#index as HTML
  [1m[36mTodo Load (0.1ms)[0m  [1m[34mSELECT "todos".* FROM "todos"[0m
Completed 200 OK in 2ms (Views: 1.9ms | ActiveRecord: 0.1ms)


Started POST "/todos/" for ::1 at 2017-09-22 17:28:37 -0400
Processing by TodosController#create as HTML
  Parameters: {"title"=>"aaa", "complete"=>false, "todo"=>{"title"=>"aaa", "complete"=>false}}
Started GET "/todos" for ::1 at 2017-09-22 17:28:37 -0400
Unpermitted parameter: todo
Processing by TodosController#index as HTML
  [1m[35m (0.1ms)[0m  [1m[36mbegin transaction[0m
  [1m[36mTodo Load (0.1ms)[0m  [1m[34mSELECT "todos".* FROM "todos"[0m
  [1m[35mSQL (0.3ms)[0m  [1m[32mINSERT INTO "todos" ("title", "complete", "created_at", "updated_at") VALUES (?, ?, ?, ?)[0m  [["title", "aaa"], ["complete", "f"], ["created_at", "2017-09-22 21:28:37.089776"], ["updated_at", "2017-09-22 21:28:37.089776"]]
Completed 200 OK in 3ms (Views: 2.5ms | ActiveRecord: 0.1ms)


  [1m[35m (2.2ms)[0m  [1m[36mcommit transaction[0m
Completed 200 OK in 8ms (Views: 0.3ms | ActiveRecord: 2.5ms)


Started GET "/todos" for ::1 at 2017-09-22 17:32:26 -0400
Processing by TodosController#index as HTML
  [1m[36mTodo Load (0.6ms)[0m  [1m[34mSELECT "todos".* FROM "todos"[0m
Completed 200 OK in 3ms (Views: 1.9ms | ActiveRecord: 0.6ms)


Started POST "/todos/" for ::1 at 2017-09-22 17:32:32 -0400
Processing by TodosController#create as HTML
  Parameters: {"title"=>"lkj", "complete"=>false, "todo"=>{"title"=>"lkj", "complete"=>false}}
Unpermitted parameter: todo
Started GET "/todos" for ::1 at 2017-09-22 17:32:32 -0400
  [1m[35m (0.1ms)[0m  [1m[36mbegin transaction[0m
Processing by TodosController#index as HTML
  [1m[35mSQL (2.2ms)[0m  [1m[32mINSERT INTO "todos" ("title", "complete", "created_at", "updated_at") VALUES (?, ?, ?, ?)[0m  [["title", "lkj"], ["complete", "f"], ["created_at", "2017-09-22 21:32:32.408507"], ["updated_at", "2017-09-22 21:32:32.408507"]]
  [1m[36mTodo Load (0.1ms)[0m  [1m[34mSELECT "todos".* FROM "todos"[0m
  [1m[35m (0.4ms)[0m  [1m[36mcommit transaction[0m
Completed 200 OK in 2ms (Views: 1.9ms | ActiveRecord: 0.1ms)


Completed 200 OK in 8ms (Views: 0.2ms | ActiveRecord: 2.7ms)


Started GET "/todos" for ::1 at 2017-09-22 17:33:07 -0400
Processing by TodosController#index as HTML
  [1m[36mTodo Load (0.4ms)[0m  [1m[34mSELECT "todos".* FROM "todos"[0m
Completed 200 OK in 3ms (Views: 2.5ms | ActiveRecord: 0.4ms)


Started POST "/todos/" for ::1 at 2017-09-22 17:33:10 -0400
Processing by TodosController#create as HTML
  Parameters: {"title"=>"gfghjfg", "complete"=>false, "todo"=>{"title"=>"gfghjfg", "complete"=>false}}
Unpermitted parameter: todo
  [1m[35m (0.1ms)[0m  [1m[36mbegin transaction[0m
Started GET "/todos" for ::1 at 2017-09-22 17:33:10 -0400
  [1m[35mSQL (0.3ms)[0m  [1m[32mINSERT INTO "todos" ("title", "complete", "created_at", "updated_at") VALUES (?, ?, ?, ?)[0m  [["title", "gfghjfg"], ["complete", "f"], ["created_at", "2017-09-22 21:33:10.614939"], ["updated_at", "2017-09-22 21:33:10.614939"]]
Processing by TodosController#index as HTML
  [1m[35m (2.1ms)[0m  [1m[36mcommit transaction[0m
  [1m[36mTodo Load (0.1ms)[0m  [1m[34mSELECT "todos".* FROM "todos"[0m
Completed 200 OK in 7ms (Views: 0.4ms | ActiveRecord: 2.5ms)


Completed 200 OK in 2ms (Views: 2.2ms | ActiveRecord: 0.1ms)


Started GET "/todos" for ::1 at 2017-09-22 17:37:25 -0400
Processing by TodosController#index as HTML
  [1m[36mTodo Load (0.2ms)[0m  [1m[34mSELECT "todos".* FROM "todos"[0m
Completed 200 OK in 3ms (Views: 2.7ms | ActiveRecord: 0.2ms)


Started GET "/todos" for ::1 at 2017-09-22 17:37:28 -0400
Processing by TodosController#index as HTML
Started POST "/todos/" for ::1 at 2017-09-22 17:37:28 -0400
  [1m[36mTodo Load (0.1ms)[0m  [1m[34mSELECT "todos".* FROM "todos"[0m
Processing by TodosController#create as HTML
Completed 200 OK in 3ms (Views: 2.5ms | ActiveRecord: 0.1ms)


  Parameters: {"title"=>"dfghd", "complete"=>false, "todo"=>{"title"=>"dfghd", "complete"=>false}}
Unpermitted parameter: todo
  [1m[35m (0.0ms)[0m  [1m[36mbegin transaction[0m
  [1m[35mSQL (2.5ms)[0m  [1m[32mINSERT INTO "todos" ("title", "complete", "created_at", "updated_at") VALUES (?, ?, ?, ?)[0m  [["title", "dfghd"], ["complete", "f"], ["created_at", "2017-09-22 21:37:28.410805"], ["updated_at", "2017-09-22 21:37:28.410805"]]
  [1m[35m (0.5ms)[0m  [1m[36mcommit transaction[0m
Completed 200 OK in 5ms (Views: 0.4ms | ActiveRecord: 3.0ms)


Started GET "/todos" for ::1 at 2017-09-22 17:38:59 -0400
Processing by TodosController#index as HTML
  [1m[36mTodo Load (0.2ms)[0m  [1m[34mSELECT "todos".* FROM "todos"[0m
Completed 200 OK in 3ms (Views: 2.9ms | ActiveRecord: 0.2ms)


Started POST "/todos/" for ::1 at 2017-09-22 17:39:05 -0400
Processing by TodosController#create as HTML
  Parameters: {"title"=>"6745674", "complete"=>false, "todo"=>{"title"=>"6745674", "complete"=>false}}
Unpermitted parameter: todo
  [1m[35m (0.1ms)[0m  [1m[36mbegin transaction[0m
  [1m[35mSQL (0.4ms)[0m  [1m[32mINSERT INTO "todos" ("title", "complete", "created_at", "updated_at") VALUES (?, ?, ?, ?)[0m  [["title", "6745674"], ["complete", "f"], ["created_at", "2017-09-22 21:39:05.362306"], ["updated_at", "2017-09-22 21:39:05.362306"]]
  [1m[35m (2.2ms)[0m  [1m[36mcommit transaction[0m
Completed 200 OK in 5ms (Views: 0.5ms | ActiveRecord: 2.6ms)


Started GET "/todos" for ::1 at 2017-09-22 17:39:27 -0400
Processing by TodosController#index as HTML
  [1m[36mTodo Load (0.2ms)[0m  [1m[34mSELECT "todos".* FROM "todos"[0m
Completed 200 OK in 4ms (Views: 3.1ms | ActiveRecord: 0.2ms)


Started GET "/todos" for ::1 at 2017-09-22 17:40:02 -0400
Processing by TodosController#index as HTML
  [1m[36mTodo Load (0.2ms)[0m  [1m[34mSELECT "todos".* FROM "todos"[0m
Completed 200 OK in 3ms (Views: 2.4ms | ActiveRecord: 0.2ms)


Started POST "/todos/" for ::1 at 2017-09-22 17:40:08 -0400
Processing by TodosController#create as HTML
  Parameters: {"title"=>"aaaaaaaa", "complete"=>false, "todo"=>{"title"=>"aaaaaaaa", "complete"=>false}}
Unpermitted parameter: todo
  [1m[35m (0.1ms)[0m  [1m[36mbegin transaction[0m
  [1m[35mSQL (0.3ms)[0m  [1m[32mINSERT INTO "todos" ("title", "complete", "created_at", "updated_at") VALUES (?, ?, ?, ?)[0m  [["title", "aaaaaaaa"], ["complete", "f"], ["created_at", "2017-09-22 21:40:08.089775"], ["updated_at", "2017-09-22 21:40:08.089775"]]
  [1m[35m (0.4ms)[0m  [1m[36mcommit transaction[0m
Completed 200 OK in 3ms (Views: 0.4ms | ActiveRecord: 0.7ms)


Started GET "/todos" for ::1 at 2017-09-22 17:40:08 -0400
Processing by TodosController#index as HTML
  [1m[36mTodo Load (0.1ms)[0m  [1m[34mSELECT "todos".* FROM "todos"[0m
Completed 200 OK in 3ms (Views: 2.8ms | ActiveRecord: 0.1ms)


Started GET "/todos" for ::1 at 2017-09-22 17:40:14 -0400
Processing by TodosController#index as HTML
  [1m[36mTodo Load (0.4ms)[0m  [1m[34mSELECT "todos".* FROM "todos"[0m
Completed 200 OK in 4ms (Views: 3.6ms | ActiveRecord: 0.4ms)


Started POST "/todos/" for ::1 at 2017-09-22 17:40:52 -0400
Processing by TodosController#create as HTML
  Parameters: {"title"=>"kghjkgkgh hg gh", "complete"=>false, "todo"=>{"title"=>"kghjkgkgh hg gh", "complete"=>false}}
Unpermitted parameter: todo
  [1m[35m (0.1ms)[0m  [1m[36mbegin transaction[0m
  [1m[35mSQL (1.5ms)[0m  [1m[32mINSERT INTO "todos" ("title", "complete", "created_at", "updated_at") VALUES (?, ?, ?, ?)[0m  [["title", "kghjkgkgh hg gh"], ["complete", "f"], ["created_at", "2017-09-22 21:40:52.880080"], ["updated_at", "2017-09-22 21:40:52.880080"]]
  [1m[35m (0.4ms)[0m  [1m[36mcommit transaction[0m
Completed 200 OK in 4ms (Views: 0.4ms | ActiveRecord: 2.0ms)


Started GET "/todos" for ::1 at 2017-09-22 17:40:52 -0400
Processing by TodosController#index as HTML
  [1m[36mTodo Load (0.1ms)[0m  [1m[34mSELECT "todos".* FROM "todos"[0m
Completed 200 OK in 3ms (Views: 2.3ms | ActiveRecord: 0.1ms)


Started GET "/todos" for ::1 at 2017-09-22 17:41:19 -0400
Processing by TodosController#index as HTML
  [1m[36mTodo Load (0.2ms)[0m  [1m[34mSELECT "todos".* FROM "todos"[0m
Completed 200 OK in 4ms (Views: 3.2ms | ActiveRecord: 0.2ms)


